[2026-05-16 02:25:43] ==========================================
[2026-05-16 02:25:43] Periodic Hill Re5600 watcher started
[2026-05-16 02:25:43]   pid=3442646  ppid=3442587  poll=30s
[2026-05-16 02:25:43]   project  = /home/s8313697/5.Re10595/Edit5_Rebuild
[2026-05-16 02:25:43]   conv     = /home/s8313697/5.Re10595/Edit5_Rebuild/result/4.Ma_U_Time.py
[2026-05-16 02:25:43]   bench    = /home/s8313697/5.Re10595/Edit5_Rebuild/result/2.Benchmark.py
[2026-05-16 02:25:43] ==========================================
[2026-05-16 02:26:13] WARNING: NaN/divergence detected in /home/s8313697/5.Re10595/Edit5_Rebuild/slurm_51982.log
[2026-05-16 02:26:13] ALERT: simulation may be diverging — check slurm log immediately
[2026-05-16 02:26:43] WARNING: NaN/divergence detected in /home/s8313697/5.Re10595/Edit5_Rebuild/slurm_51982.log
[2026-05-16 02:26:43] ALERT: simulation may be diverging — check slurm log immediately
[2026-05-16 02:27:13] WARNING: NaN/divergence detected in /home/s8313697/5.Re10595/Edit5_Rebuild/slurm_51982.log
[2026-05-16 02:27:13] ALERT: simulation may be diverging — check slurm log immediately
[2026-05-16 02:27:43] WARNING: NaN/divergence detected in /home/s8313697/5.Re10595/Edit5_Rebuild/slurm_51982.log
[2026-05-16 02:27:43] ALERT: simulation may be diverging — check slurm log immediately
[2026-05-16 02:28:13] WARNING: NaN/divergence detected in /home/s8313697/5.Re10595/Edit5_Rebuild/slurm_51982.log
[2026-05-16 02:28:13] ALERT: simulation may be diverging — check slurm log immediately
[2026-05-16 02:28:43] WARNING: NaN/divergence detected in /home/s8313697/5.Re10595/Edit5_Rebuild/slurm_51982.log
[2026-05-16 02:28:43] ALERT: simulation may be diverging — check slurm log immediately
[2026-05-16 02:29:13] WARNING: NaN/divergence detected in /home/s8313697/5.Re10595/Edit5_Rebuild/slurm_51982.log
[2026-05-16 02:29:13] ALERT: simulation may be diverging — check slurm log immediately
[2026-05-16 02:29:43] WARNING: NaN/divergence detected in /home/s8313697/5.Re10595/Edit5_Rebuild/slurm_51982.log
[2026-05-16 02:29:43] ALERT: simulation may be diverging — check slurm log immediately
[2026-05-16 02:30:13] WARNING: NaN/divergence detected in /home/s8313697/5.Re10595/Edit5_Rebuild/slurm_51982.log
[2026-05-16 02:30:13] ALERT: simulation may be diverging — check slurm log immediately
[2026-05-16 02:30:46] ──────────────────────────────────────
[2026-05-16 02:30:46] PROCESS step=1001  FTT=0.01  accu=0
[2026-05-16 02:30:46]   [Step 2143 | FTT=0.01] Ub=0.000009  U*=0.0006  Re%=-99.94%  Force=1.48879E-06  F*=0.0596  Re=3.2  Ma=0.0000  Ma_max=0.0000  Error=4.48e-02  [SIMPLE-PROP]
[2026-05-16 02:30:49] CONV step=1001  Re=5600  png=monitor_convergence_Re5600.png  pdf=monitor_convergence_Re5600.pdf  :: [OK] Saved (turbulent): monitor_convergence_Re5600.pdf / .png
[2026-05-16 02:30:49] BENCH skipped: FTT=0.01 < G2=50.000 (accu=0, CV window not full)
[2026-05-16 02:31:52] ──────────────────────────────────────
[2026-05-16 02:31:52] PROCESS step=16001  FTT=0.08  accu=0
[2026-05-16 02:31:52]   [Step 17389 | FTT=0.08] Ub=0.000500  U*=0.0333  Re%=-96.67%  Force=1.03397E-05  F*=0.4136  Re=186.5  Ma=0.0009  Ma_max=0.0013  Error=5.61e-03  [SIMPLE-PROP]
[2026-05-16 02:31:55] CONV step=16001  Re=5600  png=monitor_convergence_Re5600.png  pdf=monitor_convergence_Re5600.pdf  :: [OK] Saved (turbulent): monitor_convergence_Re5600.pdf / .png
[2026-05-16 02:31:55] BENCH skipped: FTT=0.08 < G2=50.000 (accu=0, CV window not full)
[2026-05-16 02:32:59] ──────────────────────────────────────
[2026-05-16 02:32:59] PROCESS step=31001  FTT=0.15  accu=0
[2026-05-16 02:32:59]   [Step 32131 | FTT=0.15] Ub=0.001652  U*=0.1101  Re%=-88.99%  Force=1.84170E-05  F*=0.7367  Re=616.8  Ma=0.0029  Ma_max=0.0042  Error=3.00e-03  [SIMPLE-PROP]
[2026-05-16 02:33:01] CONV step=31001  Re=5600  png=monitor_convergence_Re5600.png  pdf=monitor_convergence_Re5600.pdf  :: [OK] Saved (turbulent): monitor_convergence_Re5600.pdf / .png
[2026-05-16 02:33:01] BENCH skipped: FTT=0.15 < G2=50.000 (accu=0, CV window not full)
[2026-05-16 02:33:34] ──────────────────────────────────────
[2026-05-16 02:33:34] PROCESS step=39001  FTT=0.19  accu=0
[2026-05-16 02:33:34]   [Step 40195 | FTT=0.19] Ub=0.002547  U*=0.1698  Re%=-83.02%  Force=2.24987E-05  F*=0.8999  Re=950.9  Ma=0.0044  Ma_max=0.0065  Error=2.40e-03  [SIMPLE-PROP]
[2026-05-16 02:33:37] CONV step=39001  Re=5600  png=monitor_convergence_Re5600.png  pdf=monitor_convergence_Re5600.pdf  :: [OK] Saved (turbulent): monitor_convergence_Re5600.pdf / .png
[2026-05-16 02:33:37] BENCH skipped: FTT=0.19 < G2=50.000 (accu=0, CV window not full)
[2026-05-16 02:34:10] ──────────────────────────────────────
[2026-05-16 02:34:10] PROCESS step=47001  FTT=0.22  accu=0
[2026-05-16 02:34:10]   [Step 48259 | FTT=0.22] Ub=0.003613  U*=0.2409  Re%=-75.91%  Force=2.62695E-05  F*=1.0508  Re=1349.0  Ma=0.0063  Ma_max=0.0092  Error=1.96e-03  [SIMPLE-PROP]
[2026-05-16 02:34:13] CONV step=47001  Re=5600  png=monitor_convergence_Re5600.png  pdf=monitor_convergence_Re5600.pdf  :: [OK] Saved (turbulent): monitor_convergence_Re5600.pdf / .png
[2026-05-16 02:34:13] BENCH skipped: FTT=0.22 < G2=50.000 (accu=0, CV window not full)
[2026-05-16 02:34:46] ──────────────────────────────────────
[2026-05-16 02:34:46] PROCESS step=55001  FTT=0.26  accu=0
[2026-05-16 02:34:46]   [Step 56197 | FTT=0.26] Ub=0.004814  U*=0.3209  Re%=-67.91%  Force=2.96276E-05  F*=1.1851  Re=1797.3  Ma=0.0083  Ma_max=0.0123  Error=1.66e-03  [SIMPLE-PROP]
[2026-05-16 02:34:49] CONV step=55001  Re=5600  png=monitor_convergence_Re5600.png  pdf=monitor_convergence_Re5600.pdf  :: [OK] Saved (turbulent): monitor_convergence_Re5600.pdf / .png
[2026-05-16 02:34:49] BENCH skipped: FTT=0.26 < G2=50.000 (accu=0, CV window not full)
[2026-05-16 02:35:23] ──────────────────────────────────────
[2026-05-16 02:35:23] PROCESS step=63001  FTT=0.30  accu=0
[2026-05-16 02:35:23]   [Step 64387 | FTT=0.30] Ub=0.006195  U*=0.4130  Re%=-58.70%  Force=3.26772E-05  F*=1.3071  Re=2312.8  Ma=0.0107  Ma_max=0.0158  Error=1.43e-03  [SIMPLE-PROP]
[2026-05-16 02:35:26] CONV step=63001  Re=5600  png=monitor_convergence_Re5600.png  pdf=monitor_convergence_Re5600.pdf  :: [OK] Saved (turbulent): monitor_convergence_Re5600.pdf / .png
[2026-05-16 02:35:26] BENCH skipped: FTT=0.30 < G2=50.000 (accu=0, CV window not full)
[2026-05-16 02:36:29] ──────────────────────────────────────
[2026-05-16 02:36:29] PROCESS step=78001  FTT=0.37  accu=0
[2026-05-16 02:36:29]   [Step 79507 | FTT=0.37] Ub=0.009053  U*=0.6035  Re%=-39.65%  Force=3.70606E-05  F*=1.4824  Re=3379.8  Ma=0.0157  Ma_max=0.0231  Error=1.10e-03  [SIMPLE-PROP]
[2026-05-16 02:36:33] CONV step=78001  Re=5600  png=monitor_convergence_Re5600.png  pdf=monitor_convergence_Re5600.pdf  :: [OK] Saved (turbulent): monitor_convergence_Re5600.pdf / .png
[2026-05-16 02:36:33] BENCH skipped: FTT=0.37 < G2=50.000 (accu=0, CV window not full)
[2026-05-16 02:37:06] ──────────────────────────────────────
[2026-05-16 02:37:06] PROCESS step=87001  FTT=0.41  accu=0
[2026-05-16 02:37:06]   [Step 87949 | FTT=0.41] Ub=0.010779  U*=0.7186  Re%=-28.14%  Force=3.87414E-05  F*=1.5497  Re=4024.1  Ma=0.0187  Ma_max=0.0275  Error=9.70e-04  [SIMPLE-PROP]
[2026-05-16 02:37:09] CONV step=87001  Re=5600  png=monitor_convergence_Re5600.png  pdf=monitor_convergence_Re5600.pdf  :: [OK] Saved (turbulent): monitor_convergence_Re5600.pdf / .png
[2026-05-16 02:37:09] BENCH skipped: FTT=0.41 < G2=50.000 (accu=0, CV window not full)
[2026-05-16 02:37:43] ──────────────────────────────────────
[2026-05-16 02:37:43] PROCESS step=95001  FTT=0.44  accu=0
[2026-05-16 02:37:43]   [Step 95887 | FTT=0.44] Ub=0.012458  U*=0.8305  Re%=-16.95%  Force=3.97909E-05  F*=1.5916  Re=4651.0  Ma=0.0216  Ma_max=0.0319  Error=8.60e-04  [SIMPLE-PROP]
[2026-05-16 02:37:46] CONV step=95001  Re=5600  png=monitor_convergence_Re5600.png  pdf=monitor_convergence_Re5600.pdf  :: [OK] Saved (turbulent): monitor_convergence_Re5600.pdf / .png
[2026-05-16 02:37:46] BENCH skipped: FTT=0.44 < G2=50.000 (accu=0, CV window not full)
[2026-05-16 02:38:19] ──────────────────────────────────────
[2026-05-16 02:38:19] PROCESS step=103001  FTT=0.48  accu=0
[2026-05-16 02:38:19]   [Step 103951 | FTT=0.48] Ub=0.014193  U*=0.9462  Re%=-5.38%  Force=4.03166E-05  F*=1.6127  Re=5298.6  Ma=0.0246  Ma_max=0.0364  Error=7.60e-04  [SIMPLE-PROP]
[2026-05-16 02:38:23] CONV step=103001  Re=5600  png=monitor_convergence_Re5600.png  pdf=monitor_convergence_Re5600.pdf  :: [OK] Saved (turbulent): monitor_convergence_Re5600.pdf / .png
[2026-05-16 02:38:23] BENCH skipped: FTT=0.48 < G2=50.000 (accu=0, CV window not full)
[2026-05-16 02:39:26] ──────────────────────────────────────
[2026-05-16 02:39:26] PROCESS step=118001  FTT=0.55  accu=0
[2026-05-16 02:39:26]   [Step 119323 | FTT=0.55] Ub=0.017490  U*=1.1660  Re%=16.60%  Force=3.97975E-05  F*=1.5919  Re=6529.6  Ma=0.0303  Ma_max=0.0450  Error=6.04e-04  [SIMPLE-PROP] [OVERSHOOT]
[2026-05-16 02:39:30] CONV step=118001  Re=5600  png=monitor_convergence_Re5600.png  pdf=monitor_convergence_Re5600.pdf  :: [OK] Saved (turbulent): monitor_convergence_Re5600.pdf / .png
[2026-05-16 02:39:30] BENCH skipped: FTT=0.55 < G2=50.000 (accu=0, CV window not full)
