\BOOKMARK [1][-]{section.1}{\376\377\175\322\212\326\377\032\133\346\117\134\166\356\166\204\202\007\125\117\230\114\133\232\177\251}{}% 1
\BOOKMARK [2][-]{subsection.1.1}{\376\377\200\314\146\157}{section.1}% 2
\BOOKMARK [2][-]{subsection.1.2}{\376\377\211\201\211\343\166\204\145\271\172\013}{section.1}% 3
\BOOKMARK [2][-]{subsection.1.3}{\376\377\117\125\146\102\211\343\060\001\211\343\136\176\153\041}{section.1}% 4
\BOOKMARK [1][-]{section.2}{\376\377\164\006\212\326}{}% 5
\BOOKMARK [2][-]{subsection.2.1}{\376\377\116\000\175\255\116\003\236\336\000\040\000L\000a\000g\000r\000a\000n\000g\000e\000\040\137\142\162\300\121\375\145\170}{section.2}% 6
\BOOKMARK [2][-]{subsection.2.2}{\376\377\146\040\134\004\120\074\202\007\000\040\000J\000a\000c\000o\000b\000i\000a\000n\000\040\166\204\137\065\221\317\172\115\175\104\210\335}{section.2}% 7
\BOOKMARK [2][-]{subsection.2.3}{\376\377\226\073\134\074\000\040\000N\000e\000w\000t\000o\000n\040\023\000R\000a\000p\000h\000s\000o\000n\000\040\217\355\116\343}{section.2}% 8
\BOOKMARK [2][-]{subsection.2.4}{\376\377\131\061\145\127\206\125\164\006}{section.2}% 9
\BOOKMARK [2][-]{subsection.2.5}{\376\377\217\321\130\301\000\040\000g\000h\000o\000s\000t\000\040\131\026\143\322\202\007\153\012\221\315\144\172\165\212}{section.2}% 10
\BOOKMARK [1][-]{section.3}{\376\377\172\013\137\017\170\274\133\346\117\134}{}% 11
\BOOKMARK [2][-]{subsection.3.1}{\376\377\173\300\236\336\202\007\137\142\162\300\121\375\145\170\377\032\000I\000T\000B\000\137\000Y\000Z\000N\000o\000d\000e\000H\000o\000s\000t\000\040\000/\000\040\000I\000T\000B\000\137\000Y\000Z\000S\000h\000a\000p\000e\000H\000o\000s\000t}{section.3}% 12
\BOOKMARK [2][-]{subsection.3.2}{\376\377\146\040\134\004\202\007\000\040\000J\000a\000c\000o\000b\000i\000a\000n\000\040\175\104\210\335\377\032\000I\000T\000B\000\137\000E\000v\000a\000l\000u\000a\000t\000e\000M\000a\000p\000H\000o\000s\000t}{section.3}% 13
\BOOKMARK [2][-]{subsection.3.3}{\376\377\000N\000e\000w\000t\000o\000n\000\040\154\102\211\343\126\150\377\032\000I\000T\000B\000\137\000N\000e\000w\000t\000o\000n\000S\000o\000l\000v\000e\000H\000o\000s\000t}{section.3}% 14
\BOOKMARK [2][-]{subsection.3.4}{\376\377\124\174\123\353\172\357\377\032\121\372\166\174\236\336\060\001\154\102\211\343\060\001\153\012\221\315\126\372\123\026}{section.3}% 15
\BOOKMARK [2][-]{subsection.3.5}{\376\377\000G\000P\000U\000\040\155\210\214\273\172\357\377\032\175\024\147\345\210\150\377\010\000S\000c\000h\000e\000m\000e\000\040\000A\377\014\116\015\221\315\173\227\377\011}{section.3}% 16
\BOOKMARK [1][-]{section.4}{\376\377\220\020\153\265\211\343\221\313}{}% 17
\BOOKMARK [2][-]{subsection.4.1}{\376\377\160\272\116\300\236\274\153\230\135\356\000/\000J\000a\000c\000o\000b\000i\000a\000n\000\040\166\204\144\055\221\115\146\057\134\015\166\204}{section.4}% 18
\BOOKMARK [2][-]{subsection.4.2}{\376\377\226\073\134\074\173\126\165\145\166\204\116\011\134\144\117\335\226\252}{section.4}% 19
\BOOKMARK [2][-]{subsection.4.3}{\376\377\145\066\145\202\122\044\144\332\160\272\117\125\165\050\121\151\172\056\125\256\117\115}{section.4}% 20
\BOOKMARK [2][-]{subsection.4.4}{\376\377\122\035\120\074\160\272\117\125\123\326\000\040\000\050\0000\000,\0000\000\051\000\040\200\014\116\015\165\050\146\364\200\160\146\016\166\204\163\034\156\054}{section.4}% 21
\BOOKMARK [2][-]{subsection.4.5}{\376\377\131\061\145\127\000\040\000f\000a\000l\000l\000b\000a\000c\000k\000\040\166\204\126\340\147\234\223\310}{section.4}% 22
\BOOKMARK [2][-]{subsection.4.6}{\376\377\135\362\167\345\166\204\227\136\145\170\120\074\140\047\164\125\165\265\377\010\212\240\133\346\212\030\223\004\377\011}{section.4}% 23
\BOOKMARK [1][-]{section.5}{\376\377\133\346\117\134\166\356\166\204\202\007\141\017\177\251}{}% 24
\BOOKMARK [2][-]{subsection.5.1}{\376\377\000H\000o\000s\000t\000\040\116\000\153\041\140\047\230\020\212\010\173\227\000\040\000v\000s\000.\000\040\000k\000e\000r\000n\000e\000l\000\040\153\317\153\145\221\315\173\227}{section.5}% 25
\BOOKMARK [2][-]{subsection.5.2}{\376\377\000S\000c\000h\000e\000m\000e\000\040\000A\377\032\133\130\153\012\221\315\200\014\227\136\133\130\000\040\000\050\000r\000,\000s\000\051}{section.5}% 26
\BOOKMARK [2][-]{subsection.5.3}{\376\377\0009\000\040\230\136\122\045\130\323\176\056}{section.5}% 27
\BOOKMARK [2][-]{subsection.5.4}{\376\377\145\271\154\325\133\170\141\017\177\251}{section.5}% 28
\BOOKMARK [1][-]{section.6}{\376\377\232\127\213\111\144\130\211\201}{}% 29
