============================================================
[gen] host=25a-hgpn008  jobid=79864  start=2026-06-05 13:09:39
[gen] cwd=/home/s8313697/5.Re10595/Edit6_5600DNS
[gen] python=Python 3.9.21  numpy 2.0.2 scipy 1.13.1
[gen] partition=dev nodes=1 cpus=32 mem=192G
============================================================
[auto] NEW grid from variables.h: NX=321 NY=641 NZ=321 jp=32 GAMMA=2.1972245773362196 ALPHA=0.5
[auto] Origin checkpoint: phase2_generatecheckpoint/oldcheckpoint_Re5600_step_24115001
[auto] Grid directory: /home/s8313697/5.Re10595/Edit6_5600DNS/phase1_generategrid
  OK: NEW phase1 filename STRETCH_A s=0.800000 matches variables.h
[auto] OLD grid (uniform gamma=2.0, alpha=0.5): oldgrid_I257_J129_g2.0_a0.5.dat
[auto] NEW grid (variable gamma=2.1972245773362196, alpha=0.5): newgrid_3.fine grid_I641_J321_s0.800000.dat

--- Configuring OLD grid ---
  Auto-detected from metadata: NX=129 NY=257 NZ=129 jp=8
  OK: OLD grid .dat validated: I=257=NY, J=129=NZ

--- Configuring NEW grid ---
  Project mode: reading from /home/s8313697/5.Re10595/Edit6_5600DNS/variables.h
    NX = 321
    NY = 641
    NZ = 321
    jp = 32
    GAMMA = 2.1972245773362196
    ALPHA = 0.5
  OK: NEW grid filename STRETCH_A s=0.800000 matches variables.h
  OK: NEW grid .dat validated: I=641=NY, J=321=NZ

  WARNING: OLD GAMMA=2.0 vs NEW GAMMA=2.1972245773362196 differ by 0.20
           Physical-space interpolation handles this correctly,
           but verify OLD grid .dat matches the source checkpoint.
========================================================================
LBM checkpoint interpolator: 129x257x129 (jp=8) -> 321x641x321 (jp=32)
========================================================================
OLD: NX=129 NY=257 NZ=129 jp=8 GAMMA=2.0 grid=/home/s8313697/5.Re10595/Edit6_5600DNS/phase1_generategrid/oldgrid_I257_J129_g2.0_a0.5.dat
NEW: NX=321 NY=641 NZ=321 jp=32 GAMMA=2.1972245773362196 grid=/home/s8313697/5.Re10595/Edit6_5600DNS/phase1_generategrid/newgrid_3.fine grid_I641_J321_s0.800000.dat
Domain: LX=4.5 LY=9.0 LZ=3.036 H_HILL=1.0
Density control-volume method: jacobian-gl (variables.h:CELL_VOLUME_METHOD=1)
u* divergence output gate: max|div(u*)| < 1.000000e-12 before f_eq

Rank repartition plan:
  OLD jp=8  unique j/rank=32  local NYD6=39  input files: 19*f + rho per rank
  NEW jp=32  unique j/rank=20  local NYD6=27  output files: 19*f + rho per rank
  Repartition: stitch OLD ranks into one global field, apply conservation/projection globally, then split into NEW ranks.

  OK: solver runtime filename STRETCH_A s=0.800000 matches variables.h
--- Validating NEW grid against solver runtime grid ---
  OK: NEW grid coordinates match solver runtime grid
      NEW grid:    /home/s8313697/5.Re10595/Edit6_5600DNS/phase1_generategrid/newgrid_3.fine grid_I641_J321_s0.800000.dat
      solver grid: /home/s8313697/5.Re10595/Edit6_5600DNS/J_Frohlich/adaptive_3.fine grid_I641_J321_s0.800000.dat
      compared 205761 points, max_abs_diff=0.000e+00, tol=0.000e+00
      grid parameter fingerprint: not present (legacy .dat headers)

Output directory: restart/checkpoint/step_00000001 (from --output-root + --step)

[1/8] Reading old metadata: phase2_generatecheckpoint/oldcheckpoint_Re5600_step_24115001/metadata.dat
      grid_dims=135,39,135 mpi_rank_count=8 step=24115001 FTT=148.718067758286338 Force=2.684962e-06
      source dt_global=3.700221312658000e-03 half_Fdt=4.967477496279588e-09
[2/8] Building OLD grid coordinates
      Y interior range [-0.0000, 9.0000] (expect [0, 9.0])
      Z interior range [1.0000, 3.0357] (expect [hill, 3.036])
      OLD grid coordinate SHA-256: 62e2efe47d0a431b...9433ac2d
      OLD grid provenance: source checkpoint has no coordinate hash (legacy)
[3/8] Reading 152 f-files (8 ranks x 19 directions)
      f00: stitched 8 ranks
      f01: stitched 8 ranks
      f02: stitched 8 ranks
      f03: stitched 8 ranks
      f04: stitched 8 ranks
      f05: stitched 8 ranks
      f06: stitched 8 ranks
      f07: stitched 8 ranks
      f08: stitched 8 ranks
      f09: stitched 8 ranks
      f10: stitched 8 ranks
      f11: stitched 8 ranks
      f12: stitched 8 ranks
      f13: stitched 8 ranks
      f14: stitched 8 ranks
      f15: stitched 8 ranks
      f16: stitched 8 ranks
      f17: stitched 8 ranks
      f18: stitched 8 ranks
      OLD interior rho = [0.999404, 1.000304], mean = 1.000000
      OLD interior max|u| = 1.532594e-02, max|v| = 2.558762e-02, max|w| = 1.312442e-02
      OLD Ub (j=BFR cross-section) = 1.488427597491824e-02
      OLD rho volume-weighted mean = 1.000002901945787
      OLD absolute rho mass = 1.143477230068928e+02, control volume = 1.143473911769627e+02
      OLD Jacobian-GL volume: rel diff vs shoelace = 2.284687e-06, fallback cells = 0
      OLD max |rho_file - sum(f)| = 3.284e-04
      WARN: rho_file != sum(f) by 3.284e-04 (expected from LBM mass correction)
            Using sum(f) as authoritative rho for feq/fneq computation
[4/8] Building NEW grid coordinates
      Y interior range [-0.0000, 9.0000]
      Z interior range [1.0000, 3.0360]
[5/8] Interpolating macros (rho, ux, uy, uz) to NEW grid in PHYSICAL space
      interpolation order: 6 (7-point Lagrange O(h^6) + cubic wall ghost extrapolation)
      Phys mapping cache HIT: 205761 cells loaded from mapping_cache/b8006ba822014ae4.npz (skipped cell search)
      mapping cache build: 0.0s
      [interp] using VECTORIZED path (default; ~30-100x faster)
      rho:  132.7s
      ux:   129.2s
      uy:   127.8s
      uz:   127.9s
      Applying wall velocity constraint: u=v=w=0 (preserve rho)
      max |u_wall| before clamp = 3.811e-03
      max |rho_wall - 1| preserved = 3.069e-04
      rho mass correction target: volume-weighted mean rho = 1.0
      rho control-volume method: jacobian-gl (variables.h:CELL_VOLUME_METHOD=1)
      Jacobian-GL volume: shoelace = 1.143589778317044e+02, jacobian = 1.143590164964786e+02
      Jacobian-GL diagnostics: rel volume diff = 3.381000e-07, max cell rel diff = 9.448989e-03, mean cell rel diff = 2.749957e-05, fallback cells = 0
      rho mass correction (volume-weighted): rho_modify = -2.904161e-06
      global control volume = 1.143590164964786e+02
      rho volume-weighted mean: 1.000002904160769 -> 1.000000000000005 (target 1.000000000000000)
      rho absolute mass: 1.143593486134479e+02 -> 1.143590164964791e+02 (target 1.143590164964786e+02)
      Enforcing periodic duplicate nodes and filling ghost cells
      NEW interior rho = [0.999403, 1.000305], mean = 0.999997
      NEW interior max|u| = 1.551096e-02, max|v| = 2.565567e-02, max|w| = 1.321333e-02
      Ub correction: OLD Ub = 1.488427597491824e-02
      Ub correction: NEW Ub (before) = 1.488489511757066e-02
      Ub correction: scale = 9.999584046345286e-01
      Ub correction: NEW Ub (after)  = 1.488427597491824e-02
      Ub correction: residual = 0.000e+00
      Periodic duplicate enforcement and ghost-cell fill before projection
      --- Velocity projection ---
      Div-exact velocity projection: 65740800 DOFs (640 x 321 x 320)
      div(u) BEFORE: RMS = 3.071311e-04, max = 2.583480e-02, mean = 2.216208e-07
      direct D correction target: RMS <= 1.000e-06
      exact D velocity projector: 205440 x 205440 (1841280 nnz), 161 modes (factor deferred to parallel solve) built in 0.38s
      div-exact factor+solve: 161 modes, 32 worker(s), 25.09s
      Div-exact direct solve in 27.5s
      div(u) AFTER:
        all points: RMS = 2.525773e-13, max = 5.389656e-13, mean = 2.349421e-13
        interior (excl walls): RMS = 2.531521e-13, max = 5.389656e-13
      reduction: 8.22e-10x (all), 8.24e-10x (interior)
      max |du| correction = 2.714490e-04
      wall velocity constrained inside projection
      Final periodic duplicate enforcement and ghost-cell fill
      Final Ub before f_eq = 1.488541181434983e-02 (target 1.488427597491824e-02, residual 1.136e-06)
[6/8] Computing NEW-grid dt_global
      dt_global_new = 1.323972e-03  (CFL=0.5, metric_order=6, dx=1.406250e-02)
      dt limited by zeta (alpha=15) component
      u* divergence check (CD2, unique physical DOFs): rms = 2.525773e-13, max|div(u*)| = 5.389656e-13
      u* divergence gate PASSED: max|div(u*)| = 5.389656e-13 < 1e-12
[7/8] Reconstructing f_eq and writing per-rank files
      wrote rho_0..rho_31.bin
      mode = chapman-enskog: niu = 2.678571e-06
      omega_new = 3*niu/dt_global_new + 0.5 = 5.060693978169e-01
      ce_coeff = -(omega)*dt = -6.700218e-04  (= -3niu - 0.5dt = -6.700218e-04)
      CE/projection metric = 2nd-order central (operator-consistent with _divergence_cd2); dt_global metric order = 6
      velocity gradient tensor: 7.2s
      max |div(u)|  = 5.390e-13   (f_neq dilatational source, unique DOFs; full-interior 3.402e-07)
      max |grad u|  = 1.494e+00
      f_neq dilatational gate PASSED: max|tr(grad u*)| = 5.389656e-13 < 1e-12  (f_neq purely deviatoric)
      wrote f00_0..f00_31 (CE)
      wrote f01_0..f01_31 (CE)
      wrote f02_0..f02_31 (CE)
      wrote f03_0..f03_31 (CE)
      wrote f04_0..f04_31 (CE)
      wrote f05_0..f05_31 (CE)
      wrote f06_0..f06_31 (CE)
      wrote f07_0..f07_31 (CE)
      wrote f08_0..f08_31 (CE)
      wrote f09_0..f09_31 (CE)
      wrote f10_0..f10_31 (CE)
      wrote f11_0..f11_31 (CE)
      wrote f12_0..f12_31 (CE)
      wrote f13_0..f13_31 (CE)
      wrote f14_0..f14_31 (CE)
      wrote f15_0..f15_31 (CE)
      wrote f16_0..f16_31 (CE)
      wrote f17_0..f17_31 (CE)
      wrote f18_0..f18_31 (CE)
      max |f_neq / f_eq|  = 2.800e-03   (Knudsen-like; should be << 1)
      f range after reconstruction = [2.521521368040605e-02, 3.334346632979913e-01]
      max |sum(f_new)-rho_new| = 7.772e-16
[8/8] Writing new metadata.dat
      Controller state preserved from origin: Force_integral=0.000000000000000 error_prev=0.000000000000000 ctrl_initialized=0 gehrke_activated=0
      accu_count=0, FTT=0 (regrid pipeline does NOT write stats binaries; preserving accu_count>0 would break checkpoint load)
      origin FTT=148.718067758286338 accu_count=11142804 kept as provenance only
      Force=2.684962e-06  step=1  jp=32  grid_dims=327,27,327
      dt_global written as 1.323972250321308e-03
      (naive minSize for reference: 3.162788e-03; runtime Imamura dt typically ~0.4-0.5x of this)
      Atomic rename: restart/checkpoint/step_00000001.WRITING -> restart/checkpoint/step_00000001
      grid_provenance written: /home/s8313697/5.Re10595/Edit6_5600DNS/restart/grid_provenance

Done in 823.8s. New checkpoint at: restart/checkpoint/step_00000001
Total files: 19f x 32 ranks + 32 rho + 1 metadata = 641
============================================================
[gen] python exit RC=0  end=2026-06-05 13:23:23
[gen] OK — generated checkpoint:
total 14435844
drwxr-xr-x 1 s8313697 MST114348        0 Jun  5 13:23 .
drwxr-xr-x 1 s8313697 MST114348        0 Jun  5 13:23 ..
-rw-r--r-- 1 s8313697 MST114348 23096664 Jun  5 13:20 f00_0.bin
-rw-r--r-- 1 s8313697 MST114348 23096664 Jun  5 13:20 f00_1.bin
[gen]   (... 641 files total)
mpi_rank_count=32
grid_dims=327,27,327
step=1
============================================================
