================================================================
[genckpt] START 2026-06-14 15:56:07  node=25a-hgpn019  jobid=102647
[genckpt] partition=8gpus  account=mst115169  threads=64
[genckpt] cwd=/home/s8313697/5.Re10595/Edit11_Krank5600
[genckpt] RAM: 2015 GB total, 1833 GB avail
[genckpt] source: phase2_generatecheckpoint/oldcheckpoint_Re5600_step_86300001 (jp=32)
[genckpt] target: restart/checkpoint/step_00000001 (jp=64, 1025x512x512)
================================================================
[auto] NEW grid from variables.h: NX=512 NY=1025 NZ=512 jp=64 GAMMA=3.6635616461296454 ALPHA=0.5
[auto] Origin checkpoint: /home/s8313697/5.Re10595/Edit11_Krank5600/phase2_generatecheckpoint/oldcheckpoint_Re5600_step_86300001
[auto] Grid directory: /home/s8313697/5.Re10595/Edit11_Krank5600/phase1_generategrid
  OK: NEW phase1 filename STRETCH_A s=0.950000 matches variables.h
[auto] OLD grid (uniform gamma=3.6635616461296454, alpha=0.5): oldgrid_3.fine grid_I641_J321_s0.950000.dat
[auto] NEW grid (variable gamma=3.6635616461296454, alpha=0.5): newgrid_3.fine grid_I1025_J512_s0.950000.dat

--- Configuring OLD grid ---
  Auto-detected from metadata: NX=321 NY=641 NZ=321 jp=32
  OK: OLD grid .dat validated: I=641=NY, J=321=NZ

--- Configuring NEW grid ---
  Project mode: reading from /home/s8313697/5.Re10595/Edit11_Krank5600/variables.h
    NX = 512
    NY = 1025
    NZ = 512
    jp = 64
    GAMMA = 3.6635616461296454
    ALPHA = 0.5
  OK: NEW grid filename STRETCH_A s=0.950000 matches variables.h
  OK: NEW grid .dat validated: I=1025=NY, J=512=NZ

========================================================================
LBM checkpoint interpolator: 321x641x321 (jp=32) -> 512x1025x512 (jp=64)
========================================================================
OLD: NX=321 NY=641 NZ=321 jp=32 GAMMA=3.6635616461296454 grid=/home/s8313697/5.Re10595/Edit11_Krank5600/phase1_generategrid/oldgrid_3.fine grid_I641_J321_s0.950000.dat
NEW: NX=512 NY=1025 NZ=512 jp=64 GAMMA=3.6635616461296454 grid=/home/s8313697/5.Re10595/Edit11_Krank5600/phase1_generategrid/newgrid_3.fine grid_I1025_J512_s0.950000.dat
Domain: LX=4.5 LY=9.0 LZ=3.036 H_HILL=1.0
Density control-volume method: jacobian-gl (variables.h:CELL_VOLUME_METHOD=1)
u* divergence output gate: max|div(u*)| < 2.000000e-12 before f_eq

Rank repartition plan:
  OLD jp=32  unique j/rank=20  local NYD6=27  input files: 19*f + rho per rank
  NEW jp=64  unique j/rank=16  local NYD6=23  output files: 19*f + rho per rank
  Repartition: stitch OLD ranks into one global field, apply conservation/projection globally, then split into NEW ranks.

  OK: solver runtime filename STRETCH_A s=0.950000 matches variables.h
--- Validating NEW grid against solver runtime grid ---
  OK: NEW grid coordinates match solver runtime grid
      NEW grid:    /home/s8313697/5.Re10595/Edit11_Krank5600/phase1_generategrid/newgrid_3.fine grid_I1025_J512_s0.950000.dat
      solver grid: /home/s8313697/5.Re10595/Edit11_Krank5600/J_Frohlich/adaptive_3.fine grid_I1025_J512_s0.950000.dat
      compared 524800 points, max_abs_diff=0.000e+00, tol=0.000e+00
      grid parameter fingerprint: not present (legacy .dat headers)

Output directory: restart/checkpoint/step_00000001 (from --output-root + --step)

[1/8] Reading old metadata: /home/s8313697/5.Re10595/Edit11_Krank5600/phase2_generatecheckpoint/oldcheckpoint_Re5600_step_86300001/metadata.dat
      grid_dims=327,27,327 mpi_rank_count=32 step=86300001 FTT=72.968478382807902 Force=2.918400e-06
      source dt_global=5.073127059370000e-04 half_Fdt=7.402707938488083e-10
[2/8] Building OLD grid coordinates
      Y interior range [-0.0000, 9.0000] (expect [0, 9.0])
      Z interior range [1.0000, 3.0360] (expect [hill, 3.036])
      OLD grid coordinate SHA-256: 1afa50f03a9c3496...e711588d
      OLD grid provenance: source checkpoint has no coordinate hash (legacy)
[3/8] Reading 608 f-files (32 ranks x 19 directions)
      f00: stitched 32 ranks
      f01: stitched 32 ranks
      f02: stitched 32 ranks
      f03: stitched 32 ranks
      f04: stitched 32 ranks
      f05: stitched 32 ranks
      f06: stitched 32 ranks
      f07: stitched 32 ranks
      f08: stitched 32 ranks
      f09: stitched 32 ranks
      f10: stitched 32 ranks
      f11: stitched 32 ranks
      f12: stitched 32 ranks
      f13: stitched 32 ranks
      f14: stitched 32 ranks
      f15: stitched 32 ranks
      f16: stitched 32 ranks
      f17: stitched 32 ranks
      f18: stitched 32 ranks
      OLD interior rho = [0.999151, 1.000258], mean = 0.999997
      OLD interior max|u| = 1.791827e-02, max|v| = 2.728416e-02, max|w| = 1.681242e-02
      OLD Ub (j=BFR cross-section) = 1.481436825363784e-02
      OLD rho volume-weighted mean = 1.000000000006656
      OLD absolute rho mass = 1.143590167784101e+02, control volume = 1.143590167776490e+02
      OLD Jacobian-GL volume: rel diff vs shoelace = 3.405866e-07, fallback cells = 0
      OLD max |rho_file - sum(f)| = 3.647e-04
      WARN: rho_file != sum(f) by 3.647e-04 (expected from LBM mass correction)
            Using sum(f) as authoritative rho for feq/fneq computation
[4/8] Building NEW grid coordinates
      Y interior range [-0.0000, 9.0000]
      Z interior range [1.0000, 3.0360]
[5/8] Interpolating macros (rho, ux, uy, uz) to NEW grid in PHYSICAL space
      interpolation order: 6 (7-point Lagrange O(h^6) + cubic wall ghost extrapolation)
      Phys mapping cache HIT: 524800 cells loaded from mapping_cache/8da85924e8b733d9.npz (skipped cell search)
      mapping cache build: 0.0s
      [interp] using VECTORIZED path (default; ~30-100x faster)
      rho:  1685.7s
      ux:   544.5s
      uy:   536.6s
      uz:   558.8s
      Applying wall velocity constraint: u=v=w=0 (preserve rho)
      max |u_wall| before clamp = 3.326e-03
      max |rho_wall - 1| preserved = 3.409e-04
      rho mass correction target: volume-weighted mean rho = 1.0
      rho control-volume method: jacobian-gl (variables.h:CELL_VOLUME_METHOD=1)
      Jacobian-GL volume: shoelace = 1.143590031004075e+02, jacobian = 1.143590160361595e+02
      Jacobian-GL diagnostics: rel volume diff = 1.131153e-07, max cell rel diff = 9.097939e-03, mean cell rel diff = 1.350911e-04, fallback cells = 0
      rho mass correction (volume-weighted): rho_modify = -2.082330e-10
      global control volume = 1.143590160361595e+02
      rho volume-weighted mean: 1.000000000208233 -> 1.000000000000005 (target 1.000000000000000)
      rho absolute mass: 1.143590160599728e+02 -> 1.143590160361601e+02 (target 1.143590160361595e+02)
      Enforcing periodic duplicate nodes and filling ghost cells
      NEW interior rho = [0.999143, 1.000258], mean = 0.999997
      NEW interior max|u| = 1.805555e-02, max|v| = 2.727831e-02, max|w| = 1.697635e-02
      Ub correction: OLD Ub = 1.481436825363784e-02
      Ub correction: NEW Ub (before) = 1.481438862779832e-02
      Ub correction: scale = 9.999986247046032e-01
      Ub correction: NEW Ub (after)  = 1.481436825363784e-02
      Ub correction: residual = 0.000e+00
      Periodic duplicate enforcement and ghost-cell fill before projection
      --- Velocity projection ---
      Div-exact velocity projection: 267911168 DOFs (1024 x 512 x 511)
      div(u) BEFORE: RMS = 6.200005e-04, max = 3.069350e-02, mean = 2.640941e-07
      direct D correction target: RMS <= 1.000e-06
      exact D velocity projector: 524288 x 524288 (4706304 nnz), 256 modes (factor deferred to parallel solve) built in 0.95s
slurmstepd-25a-hgpn019: error: *** JOB 102647 ON 25a-hgpn019 CANCELLED AT 2026-06-14T17:09:29 ***
