=== interp job start: Mon Jun  1 16:14:44 CST 2026 ===
node=25a-hgpn017  WorkDir=/home/s8313697/5.Re10595/Edit7_10595SNS  cpus=24
Python 3.9.21
numpy 2.0.2 scipy 1.13.1
[auto] NEW grid from variables.h: NX=449 NY=897 NZ=449 jp=128 GAMMA=2.1972245773362196 ALPHA=0.5
[auto] Origin checkpoint: /home/s8313697/5.Re10595/Edit7_10595SNS/phase2_generatecheckpoint/oldcheckpoint_Re5600_step_16242001
[auto] Grid directory: /home/s8313697/5.Re10595/Edit7_10595SNS/phase1_generategrid
  OK: NEW phase1 filename STRETCH_A s=0.800000 matches variables.h
[auto] OLD grid (uniform gamma=3.6635616461296454, alpha=0.5): oldgrid_3.fine grid_I513_J257_s0.950000.dat
[auto] NEW grid (variable gamma=2.1972245773362196, alpha=0.5): newgrid_3.fine grid_I897_J449_s0.800000.dat

--- Configuring OLD grid ---
  Auto-detected from metadata: NX=257 NY=513 NZ=257 jp=16
  OK: OLD grid .dat validated: I=513=NY, J=257=NZ

--- Configuring NEW grid ---
  Project mode: reading from /home/s8313697/5.Re10595/Edit7_10595SNS/variables.h
    NX = 449
    NY = 897
    NZ = 449
    jp = 128
    GAMMA = 2.1972245773362196
    ALPHA = 0.5
  OK: NEW grid filename STRETCH_A s=0.800000 matches variables.h
  OK: NEW grid .dat validated: I=897=NY, J=449=NZ

  WARNING: OLD GAMMA=3.6635616461296454 vs NEW GAMMA=2.1972245773362196 differ by 1.47
           Physical-space interpolation handles this correctly,
           but verify OLD grid .dat matches the source checkpoint.
========================================================================
LBM checkpoint interpolator: 257x513x257 (jp=16) -> 449x897x449 (jp=128)
========================================================================
OLD: NX=257 NY=513 NZ=257 jp=16 GAMMA=3.6635616461296454 grid=/home/s8313697/5.Re10595/Edit7_10595SNS/phase1_generategrid/oldgrid_3.fine grid_I513_J257_s0.950000.dat
NEW: NX=449 NY=897 NZ=449 jp=128 GAMMA=2.1972245773362196 grid=/home/s8313697/5.Re10595/Edit7_10595SNS/phase1_generategrid/newgrid_3.fine grid_I897_J449_s0.800000.dat
Domain: LX=4.5 LY=9.0 LZ=3.036 H_HILL=1.0
Density control-volume method: jacobian-gl (variables.h:CELL_VOLUME_METHOD=1)
u* divergence output gate: max|div(u*)| < 1.000000e-10 before f_eq

Rank repartition plan:
  OLD jp=16  unique j/rank=32  local NYD6=39  input files: 19*f + rho per rank
  NEW jp=128  unique j/rank=7  local NYD6=14  output files: 19*f + rho per rank
  Repartition: stitch OLD ranks into one global field, apply conservation/projection globally, then split into NEW ranks.

  OK: solver runtime filename STRETCH_A s=0.800000 matches variables.h
--- Validating NEW grid against solver runtime grid ---
  OK: NEW grid coordinates match solver runtime grid
      NEW grid:    /home/s8313697/5.Re10595/Edit7_10595SNS/phase1_generategrid/newgrid_3.fine grid_I897_J449_s0.800000.dat
      solver grid: /home/s8313697/5.Re10595/Edit7_10595SNS/J_Frohlich/adaptive_3.fine grid_I897_J449_s0.800000.dat
      compared 402753 points, max_abs_diff=0.000e+00, tol=0.000e+00
      grid parameter fingerprint: not present (legacy .dat headers)

Output directory: restart/checkpoint/step_00000001 (from --output-root + --step)

[1/8] Reading old metadata: /home/s8313697/5.Re10595/Edit7_10595SNS/phase2_generatecheckpoint/oldcheckpoint_Re5600_step_16242001/metadata.dat
      grid_dims=263,39,263 mpi_rank_count=16 step=16242001 FTT=17.041732651398991 Force=7.430566e-06
      source dt_global=6.295430957580000e-04 half_Fdt=2.338930835723155e-09
[2/8] Building OLD grid coordinates
      Y interior range [-0.0000, 9.0000] (expect [0, 9.0])
      Z interior range [1.0000, 3.0360] (expect [hill, 3.036])
      OLD grid coordinate SHA-256: 5c59fa81cf34ef7a...4fefda91
      OLD grid provenance: source checkpoint has no coordinate hash (legacy)
[3/8] Reading 304 f-files (16 ranks x 19 directions)
      f00: stitched 16 ranks
      f01: stitched 16 ranks
      f02: stitched 16 ranks
      f03: stitched 16 ranks
      f04: stitched 16 ranks
      f05: stitched 16 ranks
      f06: stitched 16 ranks
      f07: stitched 16 ranks
      f08: stitched 16 ranks
      f09: stitched 16 ranks
      f10: stitched 16 ranks
      f11: stitched 16 ranks
      f12: stitched 16 ranks
      f13: stitched 16 ranks
      f14: stitched 16 ranks
      f15: stitched 16 ranks
      f16: stitched 16 ranks
      f17: stitched 16 ranks
      f18: stitched 16 ranks
      OLD interior rho = [0.999082, 1.000246], mean = 0.999997
      OLD interior max|u| = 1.846975e-02, max|v| = 2.478098e-02, max|w| = 1.487919e-02
      OLD Ub (j=BFR cross-section) = 1.433881609708712e-02
      OLD rho volume-weighted mean = 1.000000000012320
      OLD absolute rho mass = 1.143590159312277e+02, control volume = 1.143590159298188e+02
      OLD Jacobian-GL volume: rel diff vs shoelace = 5.470924e-07, fallback cells = 0
      OLD max |rho_file - sum(f)| = 2.755e-04
      WARN: rho_file != sum(f) by 2.755e-04 (expected from LBM mass correction)
            Using sum(f) as authoritative rho for feq/fneq computation
[4/8] Building NEW grid coordinates
      Y interior range [-0.0000, 9.0000]
      Z interior range [1.0000, 3.0360]
[5/8] Interpolating macros (rho, ux, uy, uz) to NEW grid in PHYSICAL space
      interpolation order: 6 (7-point Lagrange O(h^6) + cubic wall ghost extrapolation)
      domain-boundary clamp applied to 4 of 402753 points (0.00%)
      nearest-cell fallback applied to 252 of 402753 points (0.06%)
      total clamp+fallback: 256 of 402753 points (0.06%)
      Phys mapping cache built: 402753 cells located
      Phys mapping cached -> mapping_cache/b1dbceb27a5ceafc.npz (future regrids with these grids skip the ~15-min search)
      mapping cache build: 251.9s
      [interp] using VECTORIZED path (default; ~30-100x faster)
      rho:  346.9s
      ux:   351.1s
      uy:   347.7s
      uz:   355.7s
      Applying wall velocity constraint: u=v=w=0 (preserve rho)
      max |u_wall| before clamp = 3.885e-03
      max |rho_wall - 1| preserved = 2.902e-04
      rho mass correction target: volume-weighted mean rho = 1.0
      rho control-volume method: jacobian-gl (variables.h:CELL_VOLUME_METHOD=1)
      Jacobian-GL volume: shoelace = 1.143589976046684e+02, jacobian = 1.143590157789085e+02
      Jacobian-GL diagnostics: rel volume diff = 1.589227e-07, max cell rel diff = 1.968161e-02, mean cell rel diff = 1.804059e-05, fallback cells = 0
      rho mass correction (volume-weighted): rho_modify = -2.425931e-10
      global control volume = 1.143590157789085e+02
      rho volume-weighted mean: 1.000000000242593 -> 0.999999999999992 (target 1.000000000000000)
      rho absolute mass: 1.143590158066512e+02 -> 1.143590157789075e+02 (target 1.143590157789085e+02)
      Enforcing periodic duplicate nodes and filling ghost cells
      NEW interior rho = [0.999074, 1.000247], mean = 0.999996
      NEW interior max|u| = 1.854001e-02, max|v| = 2.479388e-02, max|w| = 1.493944e-02
      Ub correction: OLD Ub = 1.433881609708712e-02
      Ub correction: NEW Ub (before) = 1.433877014711803e-02
      Ub correction: scale = 1.000003204596253e+00
      Ub correction: NEW Ub (after)  = 1.433881609708712e-02
      Ub correction: residual = 1.735e-18
      Periodic duplicate enforcement and ghost-cell fill before projection
      --- Velocity projection ---
      Div-exact velocity projection: 180232192 DOFs (896 x 449 x 448)
      div(u) BEFORE: RMS = 5.657025e-04, max = 7.471063e-02, mean = 1.921607e-07
      direct D correction target: RMS <= 1.000e-06
      exact D velocity projector: 402304 x 402304 (3609984 nnz), 225 modes (factor deferred to parallel solve) built in 0.70s
      div-exact factor+solve: 225 modes, 24 worker(s), 132.21s
      Div-exact direct solve in 138.6s
      div(u) AFTER:
        all points: RMS = 5.754271e-13, max = 1.321531e-12, mean = -5.302879e-13
        interior (excl walls): RMS = 5.764434e-13, max = 1.321531e-12
      reduction: 1.02e-09x (all), 1.02e-09x (interior)
      max |du| correction = 5.025705e-04
      wall velocity constrained inside projection
      Final periodic duplicate enforcement and ghost-cell fill
      Final Ub before f_eq = 1.433812249107771e-02 (target 1.433881609708712e-02, residual 6.936e-07)
[6/8] Computing NEW-grid dt_global
      dt_global_new = 9.659306e-04  (CFL=0.5, metric_order=6, dx=1.004464e-02)
      dt limited by zeta (alpha=15) component
      u* divergence check (CD2, unique physical DOFs): rms = 5.754271e-13, max|div(u*)| = 1.321531e-12
      u* divergence gate PASSED: max|div(u*)| = 1.321531e-12 < 1e-10
[7/8] Reconstructing f_eq and writing per-rank files
      wrote rho_0..rho_127.bin
      mode = chapman-enskog: niu = 9.438414e-07
      omega_new = 3*niu/dt_global_new + 0.5 = 5.029313950322e-01
      ce_coeff = -(omega)*dt = -4.857968e-04  (= -3niu - 0.5dt = -4.857968e-04)
      metric order = 6 (Fornberg j-central + k-adaptive)
      velocity gradient tensor: 59.0s
      max |div(u)|  = 8.326e-01   (incompressibility residual)
      max |grad u|  = 2.355e+00
      wrote f00_0..f00_127 (CE)
      wrote f01_0..f01_127 (CE)
      wrote f02_0..f02_127 (CE)
      wrote f03_0..f03_127 (CE)
      wrote f04_0..f04_127 (CE)
      wrote f05_0..f05_127 (CE)
      wrote f06_0..f06_127 (CE)
      wrote f07_0..f07_127 (CE)
      wrote f08_0..f08_127 (CE)
      wrote f09_0..f09_127 (CE)
      wrote f10_0..f10_127 (CE)
      wrote f11_0..f11_127 (CE)
      wrote f12_0..f12_127 (CE)
      wrote f13_0..f13_127 (CE)
      wrote f14_0..f14_127 (CE)
      wrote f15_0..f15_127 (CE)
      wrote f16_0..f16_127 (CE)
      wrote f17_0..f17_127 (CE)
      wrote f18_0..f18_127 (CE)
      max |f_neq / f_eq|  = 4.344e-03   (Knudsen-like; should be << 1)
      f range after reconstruction = [2.510134475819284e-02, 3.335103201617117e-01]
      max |sum(f_new)-rho_new| = 8.882e-16
[8/8] Writing new metadata.dat
      Controller state preserved from origin: Force_integral=0.000000000000000 error_prev=0.000000000000000 ctrl_initialized=0 gehrke_activated=0
      accu_count=0, FTT=0 (regrid pipeline does NOT write stats binaries; preserving accu_count>0 would break checkpoint load)
      origin FTT=17.041732651398991 accu_count=6711280 kept as provenance only
      Force=7.430566e-06  step=1  jp=128  grid_dims=455,14,455
      dt_global written as 9.659306483099735e-04
      (naive minSize for reference: 2.255592e-03; runtime Imamura dt typically ~0.4-0.5x of this)
      Atomic rename: restart/checkpoint/step_00000001.WRITING -> restart/checkpoint/step_00000001
      grid_provenance written: /home/s8313697/5.Re10595/Edit7_10595SNS/restart/grid_provenance

Done in 2575.6s. New checkpoint at: restart/checkpoint/step_00000001
Total files: 19f x 128 ranks + 128 rho + 1 metadata = 2561
=== interp_checkpoint.py exit code: 0 ===
=== interp job end: Mon Jun  1 16:57:40 CST 2026 ===
