[auto] NEW grid from variables.h: NX=257 NY=513 NZ=257 jp=16 GAMMA=3.6635616461296454 ALPHA=0.5
[auto] Origin checkpoint: /home/s8313697/5.Re10595/Edit6_5600DNS/phase2_generatecheckpoint/oldcheckpoint_Re5600_step_28900100
[auto] Grid directory: /home/s8313697/5.Re10595/Edit6_5600DNS/phase1_generategrid
[auto] OLD grid (uniform gamma=3.6, alpha=0.5): oldgrid_3.fine grid_I257_J129_g3.60_a0.5.dat
[auto] NEW grid (variable gamma, alpha=0.5): newgrid_3.fine grid_I513_J257_a0.5.dat

--- Configuring OLD grid ---
  Auto-detected from metadata: NX=129 NY=257 NZ=129 jp=8
  OK: OLD grid .dat validated: I=257=NY, J=129=NZ

--- Configuring NEW grid ---
  Project mode: reading from /home/s8313697/5.Re10595/Edit6_5600DNS/variables.h
    NX = 257
    NY = 513
    NZ = 257
    jp = 16
    GAMMA = 3.6635616461296454
    ALPHA = 0.5
  OK: NEW grid .dat validated: I=513=NY, J=257=NZ

========================================================================
LBM checkpoint interpolator: 129x257x129 (jp=8) -> 257x513x257 (jp=16)
========================================================================
OLD: NX=129 NY=257 NZ=129 jp=8 GAMMA=3.6 grid=/home/s8313697/5.Re10595/Edit6_5600DNS/phase1_generategrid/oldgrid_3.fine grid_I257_J129_g3.60_a0.5.dat
NEW: NX=257 NY=513 NZ=257 jp=16 GAMMA=3.6635616461296454 grid=/home/s8313697/5.Re10595/Edit6_5600DNS/phase1_generategrid/newgrid_3.fine grid_I513_J257_a0.5.dat
Domain: LX=4.5 LY=9.0 LZ=3.036 H_HILL=1.0
Density control-volume method: jacobian-gl (cli)
u* divergence output gate: max|div(u*)| < 1.000000e-10 before f_eq

Rank repartition plan:
  OLD jp=8  unique j/rank=32  local NYD6=39  input files: 19*f + rho per rank
  NEW jp=16  unique j/rank=32  local NYD6=39  output files: 19*f + rho per rank
  Repartition: stitch OLD ranks into one global field, apply conservation/projection globally, then split into NEW ranks.

--- Validating NEW grid against solver runtime grid ---
  OK: NEW grid coordinates match solver runtime grid
      NEW grid:    /home/s8313697/5.Re10595/Edit6_5600DNS/phase1_generategrid/newgrid_3.fine grid_I513_J257_a0.5.dat
      solver grid: /home/s8313697/5.Re10595/Edit6_5600DNS/J_Frohlich/adaptive_3.fine grid_I513_J257_s0.950000.dat
      compared 131841 points, max_abs_diff=0.000e+00, tol=0.000e+00
      grid parameter fingerprint: not present (legacy .dat headers)

Output directory: restart/checkpoint/step_00000001 (from --output-root + --step)

[1/8] Reading old metadata: /home/s8313697/5.Re10595/Edit6_5600DNS/phase2_generatecheckpoint/oldcheckpoint_Re5600_step_28900100/metadata.dat
      grid_dims=135,39,135 mpi_rank_count=8 step=28900100 FTT=63.686541009208533 Force=-2.586049e-06
      source dt_global=1.322207348955000e-03 half_Fdt=-1.709646342902812e-09
[2/8] Building OLD grid coordinates
      Y interior range [-0.0000, 9.0000] (expect [0, 9.0])
      Z interior range [1.0000, 3.0360] (expect [hill, 3.036])
      OLD grid coordinate SHA-256: 218cd7f780c981f0...0486610e
      OLD grid provenance: source checkpoint has no coordinate hash (legacy)
[3/8] Reading 152 f-files (8 ranks x 19 directions)
      f00: stitched 8 ranks
      f01: stitched 8 ranks
      f02: stitched 8 ranks
      f03: stitched 8 ranks
      f04: stitched 8 ranks
      f05: stitched 8 ranks
      f06: stitched 8 ranks
      f07: stitched 8 ranks
      f08: stitched 8 ranks
      f09: stitched 8 ranks
      f10: stitched 8 ranks
      f11: stitched 8 ranks
      f12: stitched 8 ranks
      f13: stitched 8 ranks
      f14: stitched 8 ranks
      f15: stitched 8 ranks
      f16: stitched 8 ranks
      f17: stitched 8 ranks
      f18: stitched 8 ranks
      OLD interior rho = [0.999530, 1.000282], mean = 0.999998
      OLD interior max|u| = 1.679220e-02, max|v| = 2.620532e-02, max|w| = 1.389926e-02
      OLD Ub (j=BFR cross-section) = 1.539197189027995e-02
      OLD rho volume-weighted mean = 0.999999999865826
      OLD absolute rho mass = 1.143590154489674e+02, control volume = 1.143590154643115e+02
      OLD Jacobian-GL volume: rel diff vs shoelace = 2.277463e-06, fallback cells = 0
      OLD max |rho_file - sum(f)| = 2.789e-04
      WARN: rho_file != sum(f) by 2.789e-04 (expected from LBM mass correction)
            Using sum(f) as authoritative rho for feq/fneq computation
[4/8] Building NEW grid coordinates
      Y interior range [-0.0000, 9.0000]
      Z interior range [1.0000, 3.0360]
[5/8] Interpolating macros (rho, ux, uy, uz) to NEW grid in PHYSICAL space
      interpolation order: 6 (7-point Lagrange O(h^6) + cubic wall ghost extrapolation)
      domain-boundary clamp applied to 72 of 131841 points (0.05%)
      nearest-cell fallback applied to 84 of 131841 points (0.06%)
      total clamp+fallback: 156 of 131841 points (0.12%)
      Phys mapping cache built: 131841 cells located
      mapping cache build: 15.9s
