[phase2] job_id=59521
[phase2] host=25a-hgpn121
[phase2] cwd=/home/s8313697/5.Re10595/Edit6_5600DNS
[phase2] start=2026-05-23 22:23:03
[phase2] numpy 2.0.2
[phase2] scipy 1.13.1
[auto] NEW grid from variables.h: NX=257 NY=513 NZ=257 jp=16 GAMMA=3.6635616461296454 ALPHA=0.5
[auto] Origin checkpoint: /home/s8313697/5.Re10595/Edit6_5600DNS/phase2_generatecheckpoint/oldcheckpoint_Re5600_step_28900100
[auto] Grid directory: /home/s8313697/5.Re10595/Edit6_5600DNS/phase1_generategrid
[auto] OLD grid (uniform gamma=3.6, alpha=0.5): oldgrid_3.fine grid_I257_J129_g3.60_a0.5.dat
[auto] NEW grid (variable gamma, alpha=0.5): newgrid_3.fine grid_I513_J257_a0.5.dat

--- Configuring OLD grid ---
  Auto-detected from metadata: NX=129 NY=257 NZ=129 jp=8
  OK: OLD grid .dat validated: I=257=NY, J=129=NZ

--- Configuring NEW grid ---
  Project mode: reading from /home/s8313697/5.Re10595/Edit6_5600DNS/variables.h
    NX = 257
    NY = 513
    NZ = 257
    jp = 16
    GAMMA = 3.6635616461296454
    ALPHA = 0.5
  OK: NEW grid .dat validated: I=513=NY, J=257=NZ

========================================================================
LBM checkpoint interpolator: 129x257x129 (jp=8) -> 257x513x257 (jp=16)
========================================================================
OLD: NX=129 NY=257 NZ=129 jp=8 GAMMA=3.6 grid=/home/s8313697/5.Re10595/Edit6_5600DNS/phase1_generategrid/oldgrid_3.fine grid_I257_J129_g3.60_a0.5.dat
NEW: NX=257 NY=513 NZ=257 jp=16 GAMMA=3.6635616461296454 grid=/home/s8313697/5.Re10595/Edit6_5600DNS/phase1_generategrid/newgrid_3.fine grid_I513_J257_a0.5.dat
Domain: LX=4.5 LY=9.0 LZ=3.036 H_HILL=1.0
Density control-volume method: jacobian-gl (cli)
u* divergence output gate: max|div(u*)| < 1.000000e-10 before f_eq

Rank repartition plan:
  OLD jp=8  unique j/rank=32  local NYD6=39  input files: 19*f + rho per rank
  NEW jp=16  unique j/rank=32  local NYD6=39  output files: 19*f + rho per rank
  Repartition: stitch OLD ranks into one global field, apply conservation/projection globally, then split into NEW ranks.

--- Validating NEW grid against solver runtime grid ---
  OK: NEW grid coordinates match solver runtime grid
      NEW grid:    /home/s8313697/5.Re10595/Edit6_5600DNS/phase1_generategrid/newgrid_3.fine grid_I513_J257_a0.5.dat
      solver grid: /home/s8313697/5.Re10595/Edit6_5600DNS/J_Frohlich/adaptive_3.fine grid_I513_J257_s0.950000.dat
      compared 131841 points, max_abs_diff=0.000e+00, tol=0.000e+00
      grid parameter fingerprint: not present (legacy .dat headers)

Output directory: restart/checkpoint/step_00000001 (from --output-root + --step)

[1/8] Reading old metadata: /home/s8313697/5.Re10595/Edit6_5600DNS/phase2_generatecheckpoint/oldcheckpoint_Re5600_step_28900100/metadata.dat
      grid_dims=135,39,135 mpi_rank_count=8 step=28900100 FTT=63.686541009208533 Force=-2.586049e-06
      source dt_global=1.322207348955000e-03 half_Fdt=-1.709646342902812e-09
[2/8] Building OLD grid coordinates
      Y interior range [-0.0000, 9.0000] (expect [0, 9.0])
      Z interior range [1.0000, 3.0360] (expect [hill, 3.036])
      OLD grid coordinate SHA-256: 218cd7f780c981f0...0486610e
      OLD grid provenance: source checkpoint has no coordinate hash (legacy)
[3/8] Reading 152 f-files (8 ranks x 19 directions)
      f00: stitched 8 ranks
      f01: stitched 8 ranks
      f02: stitched 8 ranks
      f03: stitched 8 ranks
      f04: stitched 8 ranks
      f05: stitched 8 ranks
      f06: stitched 8 ranks
      f07: stitched 8 ranks
      f08: stitched 8 ranks
      f09: stitched 8 ranks
      f10: stitched 8 ranks
      f11: stitched 8 ranks
      f12: stitched 8 ranks
      f13: stitched 8 ranks
      f14: stitched 8 ranks
      f15: stitched 8 ranks
      f16: stitched 8 ranks
      f17: stitched 8 ranks
      f18: stitched 8 ranks
      OLD interior rho = [0.999530, 1.000282], mean = 0.999998
      OLD interior max|u| = 1.679220e-02, max|v| = 2.620532e-02, max|w| = 1.389926e-02
      OLD Ub (j=BFR cross-section) = 1.539197189027995e-02
      OLD rho volume-weighted mean = 0.999999999865826
      OLD absolute rho mass = 1.143590154489674e+02, control volume = 1.143590154643115e+02
      OLD Jacobian-GL volume: rel diff vs shoelace = 2.277463e-06, fallback cells = 0
      OLD max |rho_file - sum(f)| = 2.789e-04
      WARN: rho_file != sum(f) by 2.789e-04 (expected from LBM mass correction)
            Using sum(f) as authoritative rho for feq/fneq computation
[4/8] Building NEW grid coordinates
      Y interior range [-0.0000, 9.0000]
      Z interior range [1.0000, 3.0360]
[5/8] Interpolating macros (rho, ux, uy, uz) to NEW grid in PHYSICAL space
      interpolation order: 6 (7-point Lagrange O(h^6) + cubic wall ghost extrapolation)
      domain-boundary clamp applied to 72 of 131841 points (0.05%)
      nearest-cell fallback applied to 84 of 131841 points (0.06%)
      total clamp+fallback: 156 of 131841 points (0.12%)
      Phys mapping cache built: 131841 cells located
      mapping cache build: 18.6s
      rho:  19.9s
      ux:   19.9s
      uy:   19.9s
      uz:   19.9s
      Applying wall velocity constraint: u=v=w=0 (preserve rho)
      max |u_wall| before clamp = 3.269e-03
      max |rho_wall - 1| preserved = 3.267e-04
      rho mass correction target: volume-weighted mean rho = 1.0
      rho control-volume method: jacobian-gl (cli)
      Jacobian-GL volume: shoelace = 1.143589533648990e+02, jacobian = 1.143590159298188e+02
      Jacobian-GL diagnostics: rel volume diff = 5.470924e-07, max cell rel diff = 1.779191e-02, mean cell rel diff = 1.007391e-04, fallback cells = 0
      rho mass correction (volume-weighted): rho_modify = -6.282868e-10
      global control volume = 1.143590159298188e+02
      rho volume-weighted mean: 1.000000000628287 -> 1.000000000000002 (target 1.000000000000000)
      rho absolute mass: 1.143590160016691e+02 -> 1.143590159298191e+02 (target 1.143590159298188e+02)
      Enforcing periodic duplicate nodes and filling ghost cells
      NEW interior rho = [0.999512, 1.000282], mean = 0.999998
      NEW interior max|u| = 1.716925e-02, max|v| = 2.628610e-02, max|w| = 1.393452e-02
      Ub correction: OLD Ub = 1.539197189027995e-02
      Ub correction: NEW Ub (before) = 1.539225948221889e-02
      Ub correction: scale = 9.999813158075154e-01
      Ub correction: NEW Ub (after)  = 1.539197189027995e-02
      Ub correction: residual = 3.469e-18
      Periodic duplicate enforcement and ghost-cell fill before projection
      --- Velocity projection ---
      Div-exact velocity projection: 33685504 DOFs (512 x 257 x 256)
      div(u) BEFORE: RMS = 4.353752e-04, max = 4.849739e-02, mean = 3.150904e-07
      direct D correction target: RMS <= 1.000e-06
      exact D velocity projector: 131584 x 131584 (1178112 nnz), 129 modes factored in 237.19s
      Div-exact direct solve in 253.2s
      div(u) AFTER:
        all points: RMS = 1.936461e-12, max = 5.106702e-12, mean = 1.615593e-12
        interior (excl walls): RMS = 1.943806e-12, max = 5.106702e-12
      reduction: 4.45e-09x (all), 4.46e-09x (interior)
      max |du| correction = 2.708339e-04
      wall velocity constrained inside projection
      Final periodic duplicate enforcement and ghost-cell fill
      Final Ub before f_eq = 1.539133006981707e-02 (target 1.539197189027995e-02, residual 6.418e-07)
[6/8] Computing NEW-grid dt_global
      dt_global_new = 6.295431e-04  (CFL=0.5, metric_order=6, dx=1.757812e-02)
      dt limited by zeta (alpha=15) component
      u* divergence check (CD2, unique physical DOFs): rms = 1.936461e-12, max|div(u*)| = 5.106702e-12
      u* divergence gate PASSED: max|div(u*)| = 5.106702e-12 < 1e-10
[7/8] Reconstructing f_eq and writing per-rank files
      wrote rho_0..rho_15.bin
      mode = chapman-enskog: niu = 2.678571e-06
      omega_new = 3*niu/dt_global_new + 0.5 = 5.127643593264e-01
      ce_coeff = -(omega)*dt = -3.228073e-04  (= -3niu - 0.5dt = -3.228073e-04)
      metric order = 6 (Fornberg j-central + k-adaptive)
      velocity gradient tensor: 8.1s
      max |div(u)|  = 3.642e-01   (incompressibility residual)
      max |grad u|  = 2.256e+00
      wrote f00_0..f00_15 (CE)
      wrote f01_0..f01_15 (CE)
      wrote f02_0..f02_15 (CE)
      wrote f03_0..f03_15 (CE)
      wrote f04_0..f04_15 (CE)
      wrote f05_0..f05_15 (CE)
      wrote f06_0..f06_15 (CE)
      wrote f07_0..f07_15 (CE)
      wrote f08_0..f08_15 (CE)
      wrote f09_0..f09_15 (CE)
      wrote f10_0..f10_15 (CE)
      wrote f11_0..f11_15 (CE)
      wrote f12_0..f12_15 (CE)
      wrote f13_0..f13_15 (CE)
      wrote f14_0..f14_15 (CE)
      wrote f15_0..f15_15 (CE)
      wrote f16_0..f16_15 (CE)
      wrote f17_0..f17_15 (CE)
      wrote f18_0..f18_15 (CE)
      max |f_neq / f_eq|  = 1.875e-03   (Knudsen-like; should be << 1)
      f range after reconstruction = [2.507888794414184e-02, 3.334437627444426e-01]
      max |sum(f_new)-rho_new| = 7.772e-16
[8/8] Writing new metadata.dat
      Controller state preserved from origin: Force_integral=0.000000000000000 error_prev=0.000000000000000 ctrl_initialized=0 gehrke_activated=0
      accu_count=0, FTT=0 (regrid pipeline does NOT write stats binaries; preserving accu_count>0 would break checkpoint load)
      origin FTT=63.686541009208533 accu_count=10748635 kept as provenance only
      Force=-2.586049e-06  step=1  jp=16  grid_dims=263,39,263
      dt_global written as 6.295430957573046e-04
      (naive minSize for reference: 1.515679e-03; runtime Imamura dt typically ~0.4-0.5x of this)
      Atomic rename: restart/checkpoint/step_00000001.WRITING -> restart/checkpoint/step_00000001
      grid_provenance written: /home/s8313697/5.Re10595/Edit6_5600DNS/restart/grid_provenance

Done in 484.0s. New checkpoint at: restart/checkpoint/step_00000001
Total files: 19f x 16 ranks + 16 rho + 1 metadata = 321
[phase2] checkpoint read validation PASS
[phase2] dims NX=257 NY=513 NZ=257 jp=16 grid_dims=263,39,263
[phase2] interp_final_div_max=5.106702e-12
[phase2] files=321
[phase2] finish=2026-05-23 22:31:09
