[gridgen] host       : 25a-hgpn017
[gridgen] start      : 2026-06-01 16:05:21
[gridgen] cwd        : /home/s8313697/5.Re10595/Edit6_5600DNS
[gridgen] python3    : /usr/bin/python3
[gridgen] numpy      : 2.0.2
[gridgen] cmd        : python3 -u J_Frohlich/grid_zeta_tool.py --auto
================================================================
==============================================================
  Periodic Hill Grid -- AUTO MODE
  Reading from: /home/s8313697/5.Re10595/Edit6_5600DNS/variables.h
==============================================================
  [auto] Reference grid: I=197 x J=129
  [auto] variables.h: NY=641 (nodes), NZ=321 (nodes), LZ=3.036, ALPHA=0.5
  [auto] Flow: Re=5600, Uref=0.01, H_HILL=1, CFL=0.5
  [auto] Wall-normal: 321 nodes = 320 cells
  [auto] GAMMA=2.1972245773362196 (user input)
  [auto] minSize=3.162788e-03 (derived from GAMMA)
  [auto] Reference: 3.fine grid.dat
  [auto] Target grid: I=641 (=NY) x J=321 (=NZ)

  ========================================================================
   GILBM Stability Calibration Reference
   REFERENCE ONLY: 3.fine -> 129x64, Re=150, Uref=0.0503, CFL=0.5
   Actual omega is recomputed from variables.h after grid generation.
  ========================================================================
   GAMMA |    omega |    max|c~| | dz_ratio | RefStatus    | Note
  ------------------------------------------------------------------------
     0.0 |     0.92 |        209 |       31 | OPTIMAL      | UNIFORM z (no clustering) + minSize=NaN!
     0.5 |     0.58 |         38 |        2 | OPTIMAL      | Very mild symmetric clustering
     1.0 |     0.59 |         42 |        2 | OPTIMAL      | Mild symmetric clustering
     1.5 |     0.60 |         50 |        3 | OPTIMAL      | Moderate symmetric clustering
     2.0 |     0.63 |         63 |        4 | OPTIMAL      | Ref case: recommended <-- ref rec
     2.5 |     0.67 |         83 |        5 | OPTIMAL      | Good clustering
     3.0 |     0.73 |        112 |        8 | OPTIMAL      | Ref case: strong clustering
     3.5 |     0.81 |        156 |       12 | OPTIMAL      | Strong clustering
     4.0 |     0.94 |        221 |       20 | OPTIMAL      | Very strong (approaching Frohlich-level)
     5.0 |     1.43 |        463 |       52 | OK           | Extreme clustering, omega > 1.2
  ------------------------------------------------------------------------

  Physical-z redistribution: GAMMA controls Vinokur tanh in z-space.
  GAMMA=0 = uniform (NO wall clustering, minSize macro = NaN!).
  GAMMA=2.0 was the reference-case recommendation only.
  Do not infer current-grid stability from this table; use the
  post-generation check computed with variables.h flow parameters.

  [pre-check] 1D 預估 (無網格, estimate_omega_pregrid):
    dz_min     = 3.162788e-03
    max|c̃| est = 369.9
    dt_est     = 1.3516e-03
    omega_est  = 0.5040  [預估穩定]

  [auto] Spacing ratio constraint: [0.0, 20.0]
    [1/6] Computing P,Q from reference ...
    [2/6] Interpolating P,Q: (197x129) -> (641x321) ...
    [3/6] Resampling boundaries ...
    [3/6] Bottom boundary: analytical hill overwrite (max correction = 2.026e-06)
    [3/6] Top boundary: analytical LZ=3.036 overwrite (max correction = 8.031e-06)
    [4/6] TFI initial guess ...
    [5/6] Poisson solve (max 50000 iter) ...
    iter     0:  max_corr = 1.9300e-05
    iter  2000:  max_corr = 2.8320e-06
    iter  4000:  max_corr = 1.6168e-06
    iter  6000:  max_corr = 1.0746e-06
    iter  8000:  max_corr = 7.4890e-07
    iter 10000:  max_corr = 5.5476e-07
    iter 12000:  max_corr = 4.4146e-07
    iter 14000:  max_corr = 3.5328e-07
    iter 16000:  max_corr = 2.8173e-07
    iter 18000:  max_corr = 2.2328e-07
    iter 20000:  max_corr = 1.7586e-07
    iter 22000:  max_corr = 1.3780e-07
    iter 24000:  max_corr = 1.0759e-07
    iter 26000:  max_corr = 8.3807e-08
    iter 28000:  max_corr = 6.5198e-08
    iter 30000:  max_corr = 5.0703e-08
    iter 32000:  max_corr = 3.9445e-08
    iter 34000:  max_corr = 3.0721e-08
    iter 36000:  max_corr = 2.3967e-08
    iter 38000:  max_corr = 1.8742e-08
    iter 40000:  max_corr = 1.4698e-08
    iter 42000:  max_corr = 1.1568e-08
    iter 44000:  max_corr = 9.1434e-09
    iter 46000:  max_corr = 7.2636e-09
    iter 48000:  max_corr = 6.0620e-09
    iter 49999:  max_corr = 5.5227e-09
    [6/6] No stretching (gamma=0) — Frolich Poisson spacing preserved
  [auto] Base grid: I=641 x J=321 ✓

  ====================================================================
   Grid Spacing Ratio Limiter
  ====================================================================
    Constraint: max(Δy,Δz)/min(Δy,Δz) ∈ [0.0, 20.0]
    NZ = 321, ALPHA = 0.50

  Adjustment Log:
    Step 0: GAMMA=2.1972 → ratio=6.72 (Δy=[7.6271e-03, 2.1250e-02], Δz=[3.1628e-03, 1.3029e-02])
      → ratio 6.72 ∈ [0.0, 20.0] — 無需調整 ✓

    Δy range: [7.627085e-03, 2.124994e-02]
    Δz range: [3.162788e-03, 1.302865e-02]
    Combined ratio: 6.7187
      max from: Δy = 2.124994e-02
      min from: Δz = 3.162788e-03

    ✓ GAMMA=2.1972 滿足限制（無需調整）
  ====================================================================

  [auto] Applying Vinokur stretching: GAMMA=2.197225, ALPHA=0.5
  [auto] minSize=3.162788e-03 (adjusted GAMMA=2.197225)

  ==============================================================
   GILBM Stability Check
  ==============================================================
    GAMMA        = 2.1972
    flow params  = Uref=0.01, Re=5600, H_HILL=1, CFL=0.5
    niu          = 1.785714e-06
    omega_global = 0.5040  *** DANGEROUS (omega ≈ 0.5, near negative-viscosity limit) ***
    max|c_tilde| = 373.3
    dt_global    = 1.3393e-03
    a_max (LTS)  = 4.1
    Status       = DANGEROUS

  !! DANGEROUS: omega ≈ 0.5 → niu ≈ 0 (near negative-viscosity limit) !!
  !! Check Uref, Re, and grid scale. Increase Uref or reduce Re. !!
  ==============================================================

  [對照] 調整後 1D預估 omega=0.5040 vs 2D精確 omega=0.5040 (誤差 0.0%)
  [post-verify] Final spacing ratio: 6.7187 (Δy=[7.6271e-03, 2.1250e-02], Δz=[3.1628e-03, 1.3029e-02])
  [written] /home/s8313697/5.Re10595/Edit6_5600DNS/J_Frohlich/adaptive_3.fine grid_I641_J321_s0.800000.dat
  [written] /home/s8313697/5.Re10595/Edit6_5600DNS/J_Frohlich/grid_data_I641_J321_s0.800000.txt
  [auto] Output validated: I=641 J=321 ✓ (matches NY=641, NZ=321)
  [saved] /home/s8313697/5.Re10595/Edit6_5600DNS/J_Frohlich/compare_auto_I641_J321_s0.800000.png
  [auto] Output: /home/s8313697/5.Re10595/Edit6_5600DNS/J_Frohlich/adaptive_3.fine grid_I641_J321_s0.800000.dat
==============================================================
  DONE: /home/s8313697/5.Re10595/Edit6_5600DNS/J_Frohlich/adaptive_3.fine grid_I641_J321_s0.800000.dat
==============================================================
================================================================
[gridgen] exit rc=0  end=2026-06-01 16:23:32
[gridgen] produced:
-rw-r--r-- 1 s8313697 MST114348 9670913 Jun  1 16:23 J_Frohlich/adaptive_3.fine grid_I641_J321_s0.800000.dat
