==============================================================
  Periodic Hill Grid -- AUTO MODE  (Poisson: ADI)
  Reading from: /home/s8313697/5.Re10595/Edit11_Krank5600/variables.h
==============================================================
  [auto] Reference grid: I=197 x J=129
  [auto] variables.h: NY=769 (nodes), NZ=750 (nodes), LZ=3.036, ALPHA=0.5
  [auto] Flow: Re=5600, Uref=0.015, H_HILL=1, CFL=0.5
  [auto] Wall-normal: 750 nodes = 749 cells
  [auto] GAMMA=3.6635616461296454 (user input)
  [auto] minSize=5.134164e-04 (derived from GAMMA)
  [auto] Reference: 3.fine grid.dat
  [auto] Target grid: I=769 (=NY) x J=750 (=NZ)

  ========================================================================
   GILBM Stability Calibration Reference
   REFERENCE ONLY: 3.fine -> 129x64, Re=150, Uref=0.0503, CFL=0.5
   Actual omega is recomputed from variables.h after grid generation.
  ========================================================================
   GAMMA |    omega |    max|c~| | dz_ratio | RefStatus    | Note
  ------------------------------------------------------------------------
     0.0 |     0.92 |        209 |       31 | OPTIMAL      | UNIFORM z (no clustering) + minSize=NaN!
     0.5 |     0.58 |         38 |        2 | OPTIMAL      | Very mild symmetric clustering
     1.0 |     0.59 |         42 |        2 | OPTIMAL      | Mild symmetric clustering
     1.5 |     0.60 |         50 |        3 | OPTIMAL      | Moderate symmetric clustering
     2.0 |     0.63 |         63 |        4 | OPTIMAL      | Ref case: recommended <-- ref rec
     2.5 |     0.67 |         83 |        5 | OPTIMAL      | Good clustering
     3.0 |     0.73 |        112 |        8 | OPTIMAL      | Ref case: strong clustering
     3.5 |     0.81 |        156 |       12 | OPTIMAL      | Strong clustering
     4.0 |     0.94 |        221 |       20 | OPTIMAL      | Very strong (approaching Frohlich-level)
     5.0 |     1.43 |        463 |       52 | OK           | Extreme clustering, omega > 1.2
  ------------------------------------------------------------------------

  Physical-z redistribution: GAMMA controls Vinokur tanh in z-space.
  GAMMA=0 = uniform (NO wall clustering, minSize macro = NaN!).
  GAMMA=2.0 was the reference-case recommendation only.
  Do not infer current-grid stability from this table; use the
  post-generation check computed with variables.h flow parameters.

  [pre-check] 1D 預估 (無網格, estimate_omega_pregrid):
    dz_min     = 5.134164e-04
    max|c̃| est = 2278.9
    dt_est     = 2.1941e-04
    omega_est  = 0.5366  [預估穩定]

  [auto] Spacing ratio constraint: [0.0, 20.0]
    [1/6] Computing P,Q from reference ...
    [2/6] Interpolating P,Q: (197x129) -> (769x750) ...
    [3/6] Resampling boundaries ...
    [3/6] Bottom boundary: analytical hill overwrite (max correction = 2.853e-06)
    [3/6] Top boundary: analytical LZ=3.036 overwrite (max correction = 8.031e-06)
    [4/6] TFI initial guess ...
    [5/6] Poisson solve — ADI (max 1000000 iter) ...
    ADI sigma: [1.4974e+06, 3.3016e+08]  (8 params, adaptive cap)
    iter      0:  res = 2.593351e-12  sigma=1.497e+06
    ADI converged at iter 4, res = 9.985516e-13
    ADI Jacobian OK: J_min = 3.6179e-09 > 0
    [6/6] No stretching (gamma=0) — Frolich Poisson spacing preserved
  [auto] Base grid: I=769 x J=750 ✓

  ====================================================================
   Grid Spacing Ratio Limiter
  ====================================================================
    Constraint: max(Δy,Δz)/min(Δy,Δz) ∈ [0.0, 20.0]
    NZ = 750, ALPHA = 0.50

  Adjustment Log:
    Step 0: GAMMA=3.6636 → ratio=34.47 (Δy=[6.3747e-03, 1.7697e-02], Δz=[5.1342e-04, 7.8156e-03])
      → ratio 34.47 > 20.0: 拉伸過強，需減少 GAMMA
    Step 1: GAMMA=1.836781 → ratio=10.8216 (Δz_min=1.6354e-03) ✓
    Step 2: GAMMA=2.750171 → ratio=18.3834 (Δz_min=9.6268e-04) ✓
    Step 3: GAMMA=3.206866 → ratio=24.9344 (Δz_min=7.0976e-04) ✗
    Step 4: GAMMA=2.978519 → ratio=21.3527 (Δz_min=8.2881e-04) ✗
    Step 5: GAMMA=2.864345 → ratio=19.7984 (Δz_min=8.9388e-04) ✓
    Step 6: GAMMA=2.921432 → ratio=20.5574 (Δz_min=8.6088e-04) ✗
    Step 7: GAMMA=2.892888 → ratio=20.1735 (Δz_min=8.7726e-04) ✗
    Step 8: GAMMA=2.878617 → ratio=19.9848 (Δz_min=8.8554e-04) ✓
    Step 9: GAMMA=2.885753 → ratio=20.0789 (Δz_min=8.8139e-04) ✗
    Step 10: GAMMA=2.882185 → ratio=20.0318 (Δz_min=8.8347e-04) ✗
    Step 11: GAMMA=2.880401 → ratio=20.0083 (Δz_min=8.8450e-04) ✗
    Step 12: GAMMA=2.879509 → ratio=19.9966 (Δz_min=8.8502e-04) ✓
    Step 13: GAMMA=2.879955 → ratio=20.0024 (Δz_min=8.8476e-04) ✗
    Step 14: GAMMA=2.879732 → ratio=19.9995 (Δz_min=8.8489e-04) ✓
    Step 15: GAMMA=2.879843 → ratio=20.0010 (Δz_min=8.8483e-04) ✗
    Step 16: GAMMA=2.879787 → ratio=20.0002 (Δz_min=8.8486e-04) ✗
    Step 17: GAMMA=2.879760 → ratio=19.9999 (Δz_min=8.8488e-04) ✓
    Step 18: GAMMA=2.879774 → ratio=20.0001 (Δz_min=8.8487e-04) ✗
    Step 19: GAMMA=2.879767 → ratio=20.0000 (Δz_min=8.8487e-04) ✓
    Step 20: GAMMA=2.879770 → ratio=20.0000 (Δz_min=8.8487e-04) ✗
    Step 21: GAMMA=2.879768 → ratio=20.0000 (Δz_min=8.8487e-04) ✓
    Step 22: GAMMA=2.879769 → ratio=20.0000 (Δz_min=8.8487e-04) ✓
      → 收斂: GAMMA=2.879769 → ratio=20.0000 (STRETCH_A=0.893674, 目標=20.0)

    Δy range: [6.374745e-03, 1.769741e-02]
    Δz range: [8.848705e-04, 6.530772e-03]
    Combined ratio: 20.0000
      max from: Δy = 1.769741e-02
      min from: Δz = 8.848705e-04

    ⚠ GAMMA 已調整: 3.6636 → 2.879769
      STRETCH_A:    0.950000 → 0.893674

    請更新 variables.h:
      #define  STRETCH_A  0.893674
  ====================================================================

  [auto] Applying Vinokur stretching: GAMMA=2.879769, ALPHA=0.5
  [auto] minSize=8.848705e-04 (adjusted GAMMA=2.879769)

  ==============================================================
   GILBM Stability Check
  ==============================================================
    GAMMA        = 2.8798
    flow params  = Uref=0.015, Re=5600, H_HILL=1, CFL=0.5
    niu          = 2.678571e-06
    omega_global = 0.5210  [OPTIMAL]
    max|c_tilde| = 1305.2
    dt_global    = 3.8307e-04
    a_max (LTS)  = 7.4
    Status       = GOOD
  ==============================================================

  [對照] 調整後 1D預估 omega=0.5213 vs 2D精確 omega=0.5210 (誤差 0.1%)
  [post-verify] Final spacing ratio: 20.0000 (Δy=[6.3747e-03, 1.7697e-02], Δz=[8.8487e-04, 6.5308e-03])
  [written] /home/s8313697/5.Re10595/Edit11_Krank5600/J_Frohlich/adaptive_3.fine grid_I769_J750_s0.893674.dat
  [written] /home/s8313697/5.Re10595/Edit11_Krank5600/J_Frohlich/grid_data_I769_J750_s0.893674.txt
  [auto] Output validated: I=769 J=750 ✓ (matches NY=769, NZ=750)
  [saved] /home/s8313697/5.Re10595/Edit11_Krank5600/J_Frohlich/compare_auto_I769_J750_s0.893674.png

  ★ GAMMA 已從 3.6636 自動調整為 2.879769
    對應 STRETCH_A = 0.893674
  [auto-update] variables.h: STRETCH_A 0.95 → 0.893674
    ✓ variables.h 已自動更新 STRETCH_A = 0.893674
      → main.cu 重編譯後 STRETCH_A 將匹配網格檔名
    輸出檔名使用調整後的 STRETCH_A
  [auto] Output: /home/s8313697/5.Re10595/Edit11_Krank5600/J_Frohlich/adaptive_3.fine grid_I769_J750_s0.893674.dat
==============================================================
  DONE: /home/s8313697/5.Re10595/Edit11_Krank5600/J_Frohlich/adaptive_3.fine grid_I769_J750_s0.893674.dat
==============================================================
