This is pdfTeX, Version 3.141592653-2.6-1.40.29 (TeX Live 2026) (preloaded format=pdflatex 2026.5.16)  26 JUN 2026 23:04
entering extended mode
 restricted \write18 enabled.
 %&-line parsing enabled.
**jacobian_volumetric_mass_correction.tex
(./jacobian_volumetric_mass_correction.tex
LaTeX2e <2025-11-01>
L3 programming layer <2026-04-28>
(/home/s8313697/texlive/2025/texmf-dist/tex/latex/base/article.cls
Document Class: article 2025/01/22 v1.4n Standard LaTeX document class
(/home/s8313697/texlive/2025/texmf-dist/tex/latex/base/size11.clo
File: size11.clo 2025/01/22 v1.4n Standard LaTeX file (size option)
)
\c@part=\count276
\c@section=\count277
\c@subsection=\count278
\c@subsubsection=\count279
\c@paragraph=\count280
\c@subparagraph=\count281
\c@figure=\count282
\c@table=\count283
\abovecaptionskip=\skip49
\belowcaptionskip=\skip50
\bibindent=\dimen150
)
(/home/s8313697/texlive/2025/texmf-dist/tex/latex/amsmath/amsmath.sty
Package: amsmath 2025/07/09 v2.17z AMS math features
\@mathmargin=\skip51

For additional information on amsmath, use the `?' option.
(/home/s8313697/texlive/2025/texmf-dist/tex/latex/amsmath/amstext.sty
Package: amstext 2024/11/17 v2.01 AMS text

(/home/s8313697/texlive/2025/texmf-dist/tex/latex/amsmath/amsgen.sty
File: amsgen.sty 1999/11/30 v2.0 generic functions
\@emptytoks=\toks17
\ex@=\dimen151
))
(/home/s8313697/texlive/2025/texmf-dist/tex/latex/amsmath/amsbsy.sty
Package: amsbsy 1999/11/29 v1.2d Bold Symbols
\pmbraise@=\dimen152
)
(/home/s8313697/texlive/2025/texmf-dist/tex/latex/amsmath/amsopn.sty
Package: amsopn 2022/04/08 v2.04 operator names
)
\inf@bad=\count284
LaTeX Info: Redefining \frac on input line 233.
\uproot@=\count285
\leftroot@=\count286
LaTeX Info: Redefining \overline on input line 398.
LaTeX Info: Redefining \colon on input line 409.
\classnum@=\count287
\DOTSCASE@=\count288
LaTeX Info: Redefining \ldots on input line 495.
LaTeX Info: Redefining \dots on input line 498.
LaTeX Info: Redefining \cdots on input line 619.
\Mathstrutbox@=\box53
\strutbox@=\box54
LaTeX Info: Redefining \big on input line 721.
LaTeX Info: Redefining \Big on input line 722.
LaTeX Info: Redefining \bigg on input line 723.
LaTeX Info: Redefining \Bigg on input line 724.
\big@size=\dimen153
LaTeX Font Info:    Redeclaring font encoding OML on input line 742.
LaTeX Font Info:    Redeclaring font encoding OMS on input line 743.
\macc@depth=\count289
LaTeX Info: Redefining \bmod on input line 904.
LaTeX Info: Redefining \pmod on input line 909.
LaTeX Info: Redefining \smash on input line 939.
LaTeX Info: Redefining \relbar on input line 969.
LaTeX Info: Redefining \Relbar on input line 970.
\c@MaxMatrixCols=\count290
\dotsspace@=\muskip17
\c@parentequation=\count291
\dspbrk@lvl=\count292
\tag@help=\toks18
\row@=\count293
\column@=\count294
\maxfields@=\count295
\andhelp@=\toks19
\eqnshift@=\dimen154
\alignsep@=\dimen155
\tagshift@=\dimen156
\tagwidth@=\dimen157
\totwidth@=\dimen158
\lineht@=\dimen159
\@envbody=\toks20
\multlinegap=\skip52
\multlinetaggap=\skip53
\mathdisplay@stack=\toks21
LaTeX Info: Redefining \[ on input line 2950.
LaTeX Info: Redefining \] on input line 2951.
)
(/home/s8313697/texlive/2025/texmf-dist/tex/latex/amsfonts/amssymb.sty
Package: amssymb 2013/01/14 v3.01 AMS font symbols

(/home/s8313697/texlive/2025/texmf-dist/tex/latex/amsfonts/amsfonts.sty
Package: amsfonts 2013/01/14 v3.01 Basic AMSFonts support
\symAMSa=\mathgroup4
\symAMSb=\mathgroup5
LaTeX Font Info:    Redeclaring math symbol \hbar on input line 98.
LaTeX Font Info:    Overwriting math alphabet `\mathfrak' in version `bold'
(Font)                  U/euf/m/n --> U/euf/b/n on input line 106.
))
(/home/s8313697/texlive/2025/texmf-dist/tex/latex/amscls/amsthm.sty
Package: amsthm 2020/05/29 v2.20.6
\thm@style=\toks22
\thm@bodyfont=\toks23
\thm@headfont=\toks24
\thm@notefont=\toks25
\thm@headpunct=\toks26
\thm@preskip=\skip54
\thm@postskip=\skip55
\thm@headsep=\skip56
\dth@everypar=\toks27
)
(/home/s8313697/texlive/2025/texmf-dist/tex/latex/geometry/geometry.sty
Package: geometry 2026/03/07 v6.0 Page Geometry

(/home/s8313697/texlive/2025/texmf-dist/tex/latex/graphics/keyval.sty
Package: keyval 2022/05/29 v1.15 key=value parser (DPC)
\KV@toks@=\toks28
)
(/home/s8313697/texlive/2025/texmf-dist/tex/generic/iftex/ifvtex.sty
Package: ifvtex 2019/10/25 v1.7 ifvtex legacy package. Use iftex instead.

(/home/s8313697/texlive/2025/texmf-dist/tex/generic/iftex/iftex.sty
Package: iftex 2024/12/12 v1.0g TeX engine tests
))
\Gm@cnth=\count296
\Gm@cntv=\count297
\c@Gm@tempcnt=\count298
\Gm@bindingoffset=\dimen160
\Gm@wd@mp=\dimen161
\Gm@odd@mp=\dimen162
\Gm@even@mp=\dimen163
\Gm@layoutwidth=\dimen164
\Gm@layoutheight=\dimen165
\Gm@layouthoffset=\dimen166
\Gm@layoutvoffset=\dimen167
\Gm@dimlist=\toks29
)
(/home/s8313697/texlive/2025/texmf-dist/tex/latex/booktabs/booktabs.sty
Package: booktabs 2020/01/12 v1.61803398 Publication quality tables
\heavyrulewidth=\dimen168
\lightrulewidth=\dimen169
\cmidrulewidth=\dimen170
\belowrulesep=\dimen171
\belowbottomsep=\dimen172
\aboverulesep=\dimen173
\abovetopsep=\dimen174
\cmidrulesep=\dimen175
\cmidrulekern=\dimen176
\defaultaddspace=\dimen177
\@cmidla=\count299
\@cmidlb=\count300
\@aboverulesep=\dimen178
\@belowrulesep=\dimen179
\@thisruleclass=\count301
\@lastruleclass=\count302
\@thisrulewidth=\dimen180
)
(/home/s8313697/texlive/2025/texmf-dist/tex/latex/listings/listings.sty
\lst@mode=\count303
\lst@gtempboxa=\box55
\lst@token=\toks30
\lst@length=\count304
\lst@currlwidth=\dimen181
\lst@column=\count305
\lst@pos=\count306
\lst@lostspace=\dimen182
\lst@width=\dimen183
\lst@newlines=\count307
\lst@lineno=\count308
\lst@maxwidth=\dimen184

(/home/s8313697/texlive/2025/texmf-dist/tex/latex/listings/lstpatch.sty
File: lstpatch.sty 2025/11/14 1.11b (Carsten Heinz)
)
(/home/s8313697/texlive/2025/texmf-dist/tex/latex/listings/lstmisc.sty
File: lstmisc.sty 2025/11/14 1.11b (Carsten Heinz)
\c@lstnumber=\count309
\lst@skipnumbers=\count310
\lst@framebox=\box56
)
(/home/s8313697/texlive/2025/texmf-dist/tex/latex/listings/listings.cfg
File: listings.cfg 2025/11/14 1.11b listings configuration
))
Package: listings 2025/11/14 1.11b (Carsten Heinz)

==> First Aid for listings.sty no longer applied!
    Expected:
        2024/09/23 1.10c (Carsten Heinz)
    but found:
        2025/11/14 1.11b (Carsten Heinz)
    so I'm assuming it got fixed.
(/home/s8313697/texlive/2025/texmf-dist/tex/latex/xcolor/xcolor.sty
Package: xcolor 2024/09/29 v3.02 LaTeX color extensions (UK)

(/home/s8313697/texlive/2025/texmf-dist/tex/latex/graphics-cfg/color.cfg
File: color.cfg 2016/01/02 v1.6 sample color configuration
)
Package xcolor Info: Driver file: pdftex.def on input line 274.

(/home/s8313697/texlive/2025/texmf-dist/tex/latex/graphics-def/pdftex.def
File: pdftex.def 2025/09/29 v1.2d Graphics/color driver for pdftex
)
(/home/s8313697/texlive/2025/texmf-dist/tex/latex/graphics/mathcolor.ltx)
Package xcolor Info: Model `cmy' substituted by `cmy0' on input line 1349.
Package xcolor Info: Model `hsb' substituted by `rgb' on input line 1353.
Package xcolor Info: Model `RGB' extended on input line 1365.
Package xcolor Info: Model `HTML' substituted by `rgb' on input line 1367.
Package xcolor Info: Model `Hsb' substituted by `hsb' on input line 1368.
Package xcolor Info: Model `tHsb' substituted by `hsb' on input line 1369.
Package xcolor Info: Model `HSB' substituted by `hsb' on input line 1370.
Package xcolor Info: Model `Gray' substituted by `gray' on input line 1371.
Package xcolor Info: Model `wave' substituted by `hsb' on input line 1372.
)
(/home/s8313697/texlive/2025/texmf-dist/tex/latex/graphics/graphicx.sty
Package: graphicx 2024/12/31 v1.2e Enhanced LaTeX Graphics (DPC,SPQR)

(/home/s8313697/texlive/2025/texmf-dist/tex/latex/graphics/graphics.sty
Package: graphics 2024/08/06 v1.4g Standard LaTeX Graphics (DPC,SPQR)

(/home/s8313697/texlive/2025/texmf-dist/tex/latex/graphics/trig.sty
Package: trig 2023/12/02 v1.11 sin cos tan (DPC)
)
(/home/s8313697/texlive/2025/texmf-dist/tex/latex/graphics-cfg/graphics.cfg
File: graphics.cfg 2016/06/04 v1.11 sample graphics configuration
)
Package graphics Info: Driver file: pdftex.def on input line 106.
)
\Gin@req@height=\dimen185
\Gin@req@width=\dimen186
)
(/home/s8313697/texlive/2025/texmf-dist/tex/latex/hyperref/hyperref.sty
Package: hyperref 2026-04-24 v7.01q Hypertext links for LaTeX

(/home/s8313697/texlive/2025/texmf-dist/tex/latex/kvsetkeys/kvsetkeys.sty
Package: kvsetkeys 2022-10-05 v1.19 Key value parser (HO)
)
(/home/s8313697/texlive/2025/texmf-dist/tex/generic/kvdefinekeys/kvdefinekeys.s
ty
Package: kvdefinekeys 2019-12-19 v1.6 Define keys (HO)
) (/home/s8313697/texlive/2025/texmf-dist/tex/generic/pdfescape/pdfescape.sty
Package: pdfescape 2019/12/09 v1.15 Implements pdfTeX's escape features (HO)
(/home/s8313697/texlive/2025/texmf-dist/tex/generic/ltxcmds/ltxcmds.sty
Package: ltxcmds 2023-12-04 v1.26 LaTeX kernel commands for general use (HO)
)
(/home/s8313697/texlive/2025/texmf-dist/tex/generic/pdftexcmds/pdftexcmds.sty
Package: pdftexcmds 2020-06-27 v0.33 Utility functions of pdfTeX for LuaTeX (HO
)

(/home/s8313697/texlive/2025/texmf-dist/tex/generic/infwarerr/infwarerr.sty
Package: infwarerr 2019/12/03 v1.5 Providing info/warning/error messages (HO)
)
Package pdftexcmds Info: \pdf@primitive is available.
Package pdftexcmds Info: \pdf@ifprimitive is available.
Package pdftexcmds Info: \pdfdraftmode found.
))
(/home/s8313697/texlive/2025/texmf-dist/tex/latex/hycolor/hycolor.sty
Package: hycolor 2020-01-27 v1.10 Color options for hyperref/bookmark (HO)
)
(/home/s8313697/texlive/2025/texmf-dist/tex/latex/hyperref/nameref.sty
Package: nameref 2026-01-29 v2.58 Cross-referencing by name of section

(/home/s8313697/texlive/2025/texmf-dist/tex/latex/refcount/refcount.sty
Package: refcount 2019/12/15 v3.6 Data extraction from label references (HO)
)
(/home/s8313697/texlive/2025/texmf-dist/tex/generic/gettitlestring/gettitlestri
ng.sty
Package: gettitlestring 2019/12/15 v1.6 Cleanup title references (HO)

(/home/s8313697/texlive/2025/texmf-dist/tex/latex/kvoptions/kvoptions.sty
Package: kvoptions 2022-06-15 v3.15 Key value format for package options (HO)
))
\c@section@level=\count311
)
(/home/s8313697/texlive/2025/texmf-dist/tex/latex/etoolbox/etoolbox.sty
Package: etoolbox 2025/10/02 v2.5m e-TeX tools for LaTeX (JAW)
\etb@tempcnta=\count312
)
(/home/s8313697/texlive/2025/texmf-dist/tex/generic/stringenc/stringenc.sty
Package: stringenc 2019/11/29 v1.12 Convert strings between diff. encodings (HO
)
)
\@linkdim=\dimen187
\Hy@linkcounter=\count313
\Hy@pagecounter=\count314

(/home/s8313697/texlive/2025/texmf-dist/tex/latex/hyperref/pd1enc.def
File: pd1enc.def 2026-04-24 v7.01q Hyperref: PDFDocEncoding definition (HO)
Now handling font encoding PD1 ...
... no UTF-8 mapping file for font encoding PD1
)
(/home/s8313697/texlive/2025/texmf-dist/tex/generic/intcalc/intcalc.sty
Package: intcalc 2019/12/15 v1.3 Expandable calculations with integers (HO)
)
\Hy@SavedSpaceFactor=\count315

(/home/s8313697/texlive/2025/texmf-dist/tex/latex/hyperref/puenc.def
File: puenc.def 2026-04-24 v7.01q Hyperref: PDF Unicode definition (HO)
Now handling font encoding PU ...
... no UTF-8 mapping file for font encoding PU
)
Package hyperref Info: Option `colorlinks' set `true' on input line 4070.
Package hyperref Info: Hyper figures OFF on input line 4199.
Package hyperref Info: Link nesting OFF on input line 4204.
Package hyperref Info: Hyper index ON on input line 4207.
Package hyperref Info: Plain pages OFF on input line 4214.
Package hyperref Info: Backreferencing OFF on input line 4219.
Package hyperref Info: Implicit mode ON; LaTeX internals redefined.
Package hyperref Info: Bookmarks ON on input line 4466.
\c@Hy@tempcnt=\count316

(/home/s8313697/texlive/2025/texmf-dist/tex/latex/url/url.sty
\Urlmuskip=\muskip18
Package: url 2013/09/16  ver 3.4  Verb mode for urls, etc.
)
LaTeX Info: Redefining \url on input line 4805.
\XeTeXLinkMargin=\dimen188

(/home/s8313697/texlive/2025/texmf-dist/tex/generic/bitset/bitset.sty
Package: bitset 2019/12/09 v1.3 Handle bit-vector datatype (HO)

(/home/s8313697/texlive/2025/texmf-dist/tex/generic/bigintcalc/bigintcalc.sty
Package: bigintcalc 2019/12/15 v1.5 Expandable calculations on big integers (HO
)
))
\Fld@menulength=\count317
\Field@Width=\dimen189
\Fld@charsize=\dimen190
Package hyperref Info: Hyper figures OFF on input line 6091.
Package hyperref Info: Link nesting OFF on input line 6096.
Package hyperref Info: Hyper index ON on input line 6099.
Package hyperref Info: backreferencing OFF on input line 6106.
Package hyperref Info: Link coloring ON on input line 6109.
Package hyperref Info: Link coloring with OCG OFF on input line 6116.
Package hyperref Info: PDF/A mode OFF on input line 6121.
\Hy@abspage=\count318
\c@Item=\count319
\c@Hfootnote=\count320
)
Package hyperref Info: Driver (autodetected): hpdftex.
 (/home/s8313697/texlive/2025/texmf-dist/tex/latex/hyperref/hpdftex.def
File: hpdftex.def 2026-04-24 v7.01q Hyperref driver for pdfTeX
\Fld@listcount=\count321
\c@bookmark@seq@number=\count322

(/home/s8313697/texlive/2025/texmf-dist/tex/latex/rerunfilecheck/rerunfilecheck
.sty
Package: rerunfilecheck 2025-06-21 v1.11 Rerun checks for auxiliary files (HO)

(/home/s8313697/texlive/2025/texmf-dist/tex/generic/uniquecounter/uniquecounter
.sty
Package: uniquecounter 2019/12/15 v1.4 Provide unlimited unique counter (HO)
)
Package uniquecounter Info: New unique counter `rerunfilecheck' on input line 2
84.
)
\Hy@SectionHShift=\skip57
)
(/home/s8313697/texlive/2025/texmf-dist/tex/latex/cjk/texinput/CJKutf8.sty
Package: CJKutf8 2021/10/16 4.8.5

(/home/s8313697/texlive/2025/texmf-dist/tex/generic/iftex/ifpdf.sty
Package: ifpdf 2019/10/25 v3.4 ifpdf legacy package. Use iftex instead.
)
(/home/s8313697/texlive/2025/texmf-dist/tex/latex/base/inputenc.sty
Package: inputenc 2024/02/08 v1.3d Input encoding file
\inpenc@prehook=\toks31
\inpenc@posthook=\toks32
)
(/home/s8313697/texlive/2025/texmf-dist/tex/latex/cjk/texinput/CJK.sty
Package: CJK 2021/10/16 4.8.5

(/home/s8313697/texlive/2025/texmf-dist/tex/latex/cjk/texinput/mule/MULEenc.sty
Package: MULEenc 2021/10/16 4.8.5
) (/home/s8313697/texlive/2025/texmf-dist/tex/latex/cjk/texinput/CJK.enc
File: CJK.enc 2021/10/16 4.8.5
Now handling font encoding C00 ...
... no UTF-8 mapping file for font encoding C00
Now handling font encoding C05 ...
... no UTF-8 mapping file for font encoding C05
Now handling font encoding C09 ...
... no UTF-8 mapping file for font encoding C09
Now handling font encoding C10 ...
... no UTF-8 mapping file for font encoding C10
Now handling font encoding C20 ...
... no UTF-8 mapping file for font encoding C20
Now handling font encoding C19 ...
... no UTF-8 mapping file for font encoding C19
Now handling font encoding C40 ...
... no UTF-8 mapping file for font encoding C40
Now handling font encoding C42 ...
... no UTF-8 mapping file for font encoding C42
Now handling font encoding C43 ...
... no UTF-8 mapping file for font encoding C43
Now handling font encoding C50 ...
... no UTF-8 mapping file for font encoding C50
Now handling font encoding C52 ...
... no UTF-8 mapping file for font encoding C52
Now handling font encoding C49 ...
... no UTF-8 mapping file for font encoding C49
Now handling font encoding C60 ...
... no UTF-8 mapping file for font encoding C60
Now handling font encoding C61 ...
... no UTF-8 mapping file for font encoding C61
Now handling font encoding C63 ...
... no UTF-8 mapping file for font encoding C63
Now handling font encoding C64 ...
... no UTF-8 mapping file for font encoding C64
Now handling font encoding C65 ...
... no UTF-8 mapping file for font encoding C65
Now handling font encoding C70 ...
... no UTF-8 mapping file for font encoding C70
Now handling font encoding C31 ...
... no UTF-8 mapping file for font encoding C31
Now handling font encoding C32 ...
... no UTF-8 mapping file for font encoding C32
Now handling font encoding C33 ...
... no UTF-8 mapping file for font encoding C33
Now handling font encoding C34 ...
... no UTF-8 mapping file for font encoding C34
Now handling font encoding C35 ...
... no UTF-8 mapping file for font encoding C35
Now handling font encoding C36 ...
... no UTF-8 mapping file for font encoding C36
Now handling font encoding C37 ...
... no UTF-8 mapping file for font encoding C37
Now handling font encoding C80 ...
... no UTF-8 mapping file for font encoding C80
Now handling font encoding C81 ...
... no UTF-8 mapping file for font encoding C81
Now handling font encoding C01 ...
... no UTF-8 mapping file for font encoding C01
Now handling font encoding C11 ...
... no UTF-8 mapping file for font encoding C11
Now handling font encoding C21 ...
... no UTF-8 mapping file for font encoding C21
Now handling font encoding C41 ...
... no UTF-8 mapping file for font encoding C41
Now handling font encoding C62 ...
... no UTF-8 mapping file for font encoding C62
)
\CJK@indent=\box57
)
(/home/s8313697/texlive/2025/texmf-dist/tex/latex/base/fontenc.sty
Package: fontenc 2025/07/18 v2.1d Standard LaTeX package
))
\c@proposition=\count323
\c@theorem=\count324
\c@lemma=\count325
\c@corollary=\count326
\c@definition=\count327
\c@remark=\count328

(/home/s8313697/texlive/2025/texmf-dist/tex/latex/listings/lstlang1.sty
File: lstlang1.sty 2025/11/14 1.11b listings language file
)
(/home/s8313697/texlive/2025/texmf-dist/tex/latex/listings/lstlang1.sty
File: lstlang1.sty 2025/11/14 1.11b listings language file
)
(/home/s8313697/texlive/2025/texmf-dist/tex/latex/listings/lstmisc.sty
File: lstmisc.sty 2025/11/14 1.11b (Carsten Heinz)
)
(/home/s8313697/texlive/2025/texmf-dist/tex/latex/l3backend/l3backend-pdftex.de
f
File: l3backend-pdftex.def 2026-02-18 L3 backend support: PDF output (pdfTeX)
\l__color_backend_stack_int=\count329
) (./jacobian_volumetric_mass_correction.aux)
\openout1 = `jacobian_volumetric_mass_correction.aux'.

LaTeX Font Info:    Checking defaults for OML/cmm/m/it on input line 69.
LaTeX Font Info:    ... okay on input line 69.
LaTeX Font Info:    Checking defaults for OMS/cmsy/m/n on input line 69.
LaTeX Font Info:    ... okay on input line 69.
LaTeX Font Info:    Checking defaults for OT1/cmr/m/n on input line 69.
LaTeX Font Info:    ... okay on input line 69.
LaTeX Font Info:    Checking defaults for T1/cmr/m/n on input line 69.
LaTeX Font Info:    ... okay on input line 69.
LaTeX Font Info:    Checking defaults for TS1/cmr/m/n on input line 69.
LaTeX Font Info:    ... okay on input line 69.
LaTeX Font Info:    Checking defaults for OMX/cmex/m/n on input line 69.
LaTeX Font Info:    ... okay on input line 69.
LaTeX Font Info:    Checking defaults for U/cmr/m/n on input line 69.
LaTeX Font Info:    ... okay on input line 69.
LaTeX Font Info:    Checking defaults for PD1/pdf/m/n on input line 69.
LaTeX Font Info:    ... okay on input line 69.
LaTeX Font Info:    Checking defaults for PU/pdf/m/n on input line 69.
LaTeX Font Info:    ... okay on input line 69.
LaTeX Font Info:    Checking defaults for C00/song/m/n on input line 69.
LaTeX Font Info:    ... okay on input line 69.
LaTeX Font Info:    Checking defaults for C05/song/m/n on input line 69.
LaTeX Font Info:    ... okay on input line 69.
LaTeX Font Info:    Checking defaults for C09/song/m/n on input line 69.
LaTeX Font Info:    ... okay on input line 69.
LaTeX Font Info:    Checking defaults for C10/song/m/n on input line 69.
LaTeX Font Info:    ... okay on input line 69.
LaTeX Font Info:    Checking defaults for C20/song/m/n on input line 69.
LaTeX Font Info:    ... okay on input line 69.
LaTeX Font Info:    Checking defaults for C19/song/m/n on input line 69.
LaTeX Font Info:    ... okay on input line 69.
LaTeX Font Info:    Checking defaults for C40/song/m/n on input line 69.
LaTeX Font Info:    ... okay on input line 69.
LaTeX Font Info:    Checking defaults for C42/song/m/n on input line 69.
LaTeX Font Info:    ... okay on input line 69.
LaTeX Font Info:    Checking defaults for C43/song/m/n on input line 69.
LaTeX Font Info:    ... okay on input line 69.
LaTeX Font Info:    Checking defaults for C50/song/m/n on input line 69.
LaTeX Font Info:    ... okay on input line 69.
LaTeX Font Info:    Checking defaults for C52/song/m/n on input line 69.
LaTeX Font Info:    ... okay on input line 69.
LaTeX Font Info:    Checking defaults for C49/song/m/n on input line 69.
LaTeX Font Info:    ... okay on input line 69.
LaTeX Font Info:    Checking defaults for C60/mj/m/n on input line 69.
LaTeX Font Info:    ... okay on input line 69.
LaTeX Font Info:    Checking defaults for C61/mj/m/n on input line 69.
LaTeX Font Info:    ... okay on input line 69.
LaTeX Font Info:    Checking defaults for C63/mj/m/n on input line 69.
LaTeX Font Info:    ... okay on input line 69.
LaTeX Font Info:    Checking defaults for C64/mj/m/n on input line 69.
LaTeX Font Info:    ... okay on input line 69.
LaTeX Font Info:    Checking defaults for C65/mj/m/n on input line 69.
LaTeX Font Info:    ... okay on input line 69.
LaTeX Font Info:    Checking defaults for C70/song/m/n on input line 69.
LaTeX Font Info:    ... okay on input line 69.
LaTeX Font Info:    Checking defaults for C31/song/m/n on input line 69.
LaTeX Font Info:    ... okay on input line 69.
LaTeX Font Info:    Checking defaults for C32/song/m/n on input line 69.
LaTeX Font Info:    ... okay on input line 69.
LaTeX Font Info:    Checking defaults for C33/song/m/n on input line 69.
LaTeX Font Info:    ... okay on input line 69.
LaTeX Font Info:    Checking defaults for C34/song/m/n on input line 69.
LaTeX Font Info:    ... okay on input line 69.
LaTeX Font Info:    Checking defaults for C35/song/m/n on input line 69.
LaTeX Font Info:    ... okay on input line 69.
LaTeX Font Info:    Checking defaults for C36/song/m/n on input line 69.
LaTeX Font Info:    ... okay on input line 69.
LaTeX Font Info:    Checking defaults for C37/song/m/n on input line 69.
LaTeX Font Info:    ... okay on input line 69.
LaTeX Font Info:    Checking defaults for C80/song/m/n on input line 69.
LaTeX Font Info:    ... okay on input line 69.
LaTeX Font Info:    Checking defaults for C81/song/m/n on input line 69.
LaTeX Font Info:    ... okay on input line 69.
LaTeX Font Info:    Checking defaults for C01/song/m/n on input line 69.
LaTeX Font Info:    ... okay on input line 69.
LaTeX Font Info:    Checking defaults for C11/song/m/n on input line 69.
LaTeX Font Info:    ... okay on input line 69.
LaTeX Font Info:    Checking defaults for C21/song/m/n on input line 69.
LaTeX Font Info:    ... okay on input line 69.
LaTeX Font Info:    Checking defaults for C41/song/m/n on input line 69.
LaTeX Font Info:    ... okay on input line 69.
LaTeX Font Info:    Checking defaults for C62/song/m/n on input line 69.
LaTeX Font Info:    ... okay on input line 69.

*geometry* driver: auto-detecting
*geometry* detected driver: pdftex
*geometry* verbose mode - [ preamble ] result:
* driver: pdftex
* paper: <default>
* layout: <same size as paper>
* layoutoffset:(h,v)=(0.0pt,0.0pt)
* modes: 
* h-part:(L,W,R)=(72.26999pt, 469.75502pt, 72.26999pt)
* v-part:(T,H,B)=(72.26999pt, 650.43001pt, 72.26999pt)
* \paperwidth=614.295pt
* \paperheight=794.96999pt
* \textwidth=469.75502pt
* \textheight=650.43001pt
* \oddsidemargin=0.0pt
* \evensidemargin=0.0pt
* \topmargin=-37.0pt
* \headheight=12.0pt
* \headsep=25.0pt
* \topskip=11.0pt
* \footskip=30.0pt
* \marginparwidth=59.0pt
* \marginparsep=10.0pt
* \columnsep=10.0pt
* \skip\footins=10.0pt plus 4.0pt minus 2.0pt
* \hoffset=0.0pt
* \voffset=0.0pt
* \mag=1000
* \@twocolumnfalse
* \@twosidefalse
* \@mparswitchfalse
* \@reversemarginfalse
* (1in=72.27pt=25.4mm, 1cm=28.453pt)

\c@lstlisting=\count330
(/home/s8313697/texlive/2025/texmf-dist/tex/context/base/mkii/supp-pdf.mkii
[Loading MPS to PDF converter (version 2006.09.02).]
\scratchcounter=\count331
\scratchdimen=\dimen191
\scratchbox=\box58
\nofMPsegments=\count332
\nofMParguments=\count333
\everyMPshowfont=\toks33
\MPscratchCnt=\count334
\MPscratchDim=\dimen192
\MPnumerator=\count335
\makeMPintoPDFobject=\count336
\everyMPtoPDFconversion=\toks34
)
(/home/s8313697/texlive/2025/texmf-dist/tex/latex/epstopdf-pkg/epstopdf-base.st
y
Package: epstopdf-base 2020-01-24 v2.11 Base part for package epstopdf
Package epstopdf-base Info: Redefining graphics rule for `.eps' on input line 4
85.

(/home/s8313697/texlive/2025/texmf-dist/tex/latex/latexconfig/epstopdf-sys.cfg
File: epstopdf-sys.cfg 2010/07/13 v1.3 Configuration of (r)epstopdf for TeX Liv
e
))
Package hyperref Info: Link coloring ON on input line 69.
 (./jacobian_volumetric_mass_correction.out)
(./jacobian_volumetric_mass_correction.out)
\@outlinefile=\write3
\openout3 = `jacobian_volumetric_mass_correction.out'.

LaTeX Font Info:    Trying to load font information for U+msa on input line 71.


(/home/s8313697/texlive/2025/texmf-dist/tex/latex/amsfonts/umsa.fd
File: umsa.fd 2013/01/14 v3.01 AMS symbols A
)
LaTeX Font Info:    Trying to load font information for U+msb on input line 71.


(/home/s8313697/texlive/2025/texmf-dist/tex/latex/amsfonts/umsb.fd
File: umsb.fd 2013/01/14 v3.01 AMS symbols B
)
(/home/s8313697/texlive/2025/texmf-dist/tex/latex/cjk/texinput/UTF8/UTF8.bdg
File: UTF8.bdg 2021/10/16 4.8.5
)
(/home/s8313697/texlive/2025/texmf-dist/tex/latex/cjk/texinput/UTF8/UTF8.enc
File: UTF8.enc 2021/10/16 4.8.5
)
(/home/s8313697/texlive/2025/texmf-dist/tex/latex/cjk/texinput/UTF8/UTF8.chr
File: UTF8.chr 2021/10/16 4.8.5
)
LaTeX Font Info:    Trying to load font information for C70+bsmi on input line 
112.

(/home/s8313697/texlive/2025/texmf-dist/tex/latex/cjk/texinput/UTF8/c70bsmi.fd
File: c70bsmi.fd 2021/10/16 4.8.5
)
(/home/s8313697/texlive/2025/texmf-dist/tex/latex/cjk/texinput/UTF8/c70bsmi.fdx
File: c70bsmi.fdx 2021/10/16 4.8.5
) (/home/s8313697/texlive/2025/texmf-dist/tex/latex/cjk/texinput/UTF8/UTF8.enc
File: UTF8.enc 2021/10/16 4.8.5
) (/home/s8313697/texlive/2025/texmf-dist/tex/latex/cjk/texinput/UTF8/UTF8.chr
File: UTF8.chr 2021/10/16 4.8.5
)
[1

{/home/s8313697/texlive/2025/texmf-var/fonts/map/pdftex/updmap/pdftex.map}]
(./jacobian_volumetric_mass_correction.toc [2])
\tf@toc=\write4
\openout4 = `jacobian_volumetric_mass_correction.toc'.

 [3{/home/s8313697/texlive/2025/texmf-dist/fonts/enc/dvips/cm-super/cm-super-ts
1.enc}] [4]
Overfull \hbox (1.3784pt too wide) in paragraph at lines 278--282
[][]\OT1/cmr/bx/n/10.95 Lemma 1 \OT1/cmr/m/n/10.95 (Met-ric form of the in---pl
ane area el-e-ment)\OT1/cmr/bx/n/10.95 . []\OT1/cmr/m/it/10.95 Let the in-plane
 map $\OT1/cmr/m/n/10.95 (\OML/cmm/m/it/10.95 ^^X; ^^P\OT1/cmr/m/n/10.95 ) \OMS
/cmsy/m/n/10.95 7! []\OML/cmm/m/it/10.95 y\OT1/cmr/m/n/10.95 (\OML/cmm/m/it/10.
95 ^^X; ^^P\OT1/cmr/m/n/10.95 )\OML/cmm/m/it/10.95 ; z\OT1/cmr/m/n/10.95 (\OML/
cmm/m/it/10.95 ^^X; ^^P\OT1/cmr/m/n/10.95 )[]$
 []

[5] [6] [7] [8]
Overfull \hbox (4.63802pt too wide) in paragraph at lines 592--595
\OT1/cmr/m/n/10.95 taken cycli-cally at log-i-cal po-si-tions $(\OML/cmm/m/it/1
0.95 j[]; k[]\OT1/cmr/m/n/10.95 )\OML/cmm/m/it/10.95 ; \OT1/cmr/m/n/10.95 (\OML
/cmm/m/it/10.95 j[][]\OT1/cmr/m/n/10.95 1\OML/cmm/m/it/10.95 ; k[]\OT1/cmr/m/n/
10.95 )\OML/cmm/m/it/10.95 ; \OT1/cmr/m/n/10.95 (\OML/cmm/m/it/10.95 j[][]\OT1/
cmr/m/n/10.95 1\OML/cmm/m/it/10.95 ; k[][]\OT1/cmr/m/n/10.95 1)\OML/cmm/m/it/10
.95 ; \OT1/cmr/m/n/10.95 (\OML/cmm/m/it/10.95 j[]; k[][]\OT1/cmr/m/n/10.95 1)$,
 de-fine a pla-nar quadri-
 []

[9] [10]
Overfull \hbox (47.18224pt too wide) in paragraph at lines 729--744
 []\OT1/cmr/bx/n/10.95 Method 0 --- Shoelace (ex-act straight-chord area).[] \O
T1/cmr/m/n/10.95 The first es-ti-ma-tor (\OT1/cmtt/m/n/10.95 MassCorrectionCell
Volume\OT1/cmr/m/n/10.95 )
 []


Overfull \hbox (96.47363pt too wide) in paragraph at lines 753--767
 []\OT1/cmr/bx/n/10.95 Method 1 --- Ja-co-bian $\OT1/cmr/m/n/10.95 3 \OMS/cmsy/
m/n/10.95 ^^B \OT1/cmr/m/n/10.95 3$ \OT1/cmr/bx/n/10.95 Gauss--Legendre.[] \OT1
/cmr/m/n/10.95 The sec-ond es-ti-ma-tor (\OT1/cmtt/m/n/10.95 ComputeJacobianMas
sCorrectionWeights\OT1/cmr/m/n/10.95 )
 []

[11] [12] [13] [14] [15] [16]
Overfull \hbox (1.54565pt too wide) in paragraph at lines 1130--1146
[][] \OML/cmm/m/it/10.95 V[]$ \OT1/cmr/m/n/10.95 (\OT1/cmtt/m/n/10.95 ComputeGl
obalDiscreteShoelaceVolume3D\OT1/cmr/m/n/10.95 )? A self-contained host har-nes
s ($\OT1/cmtt/m/n/10.95 docs / numexp /
 []


Overfull \hbox (75.13324pt too wide) in paragraph at lines 1130--1146
\OT1/cmr/m/n/10.95 global ar-ray) reads the real grid through a byte-faithful c
opy of the solver's \OT1/cmtt/m/n/10.95 GenerateMesh[]X\OT1/cmr/m/n/10.95 /\OT1
/cmtt/m/n/10.95 ReadExternalGrid[]YZ
 []

[17]
Overfull \hbox (18.1719pt too wide) in paragraph at lines 1246--1259
 []\OT1/cmr/bx/n/10.95 Method 1 (the de-fault) de-parts by de-sign.[] \OT1/cmr/
m/n/10.95 The shipped con-fig-u-ra-tion is \OT1/cmtt/m/n/10.95 CELL[]VOLUME[]ME
THOD$[]\OT1/cmr/m/n/10.95 1$.
 []

[18]
Package hyperref Info: bookmark level for unknown lstlisting defaults to 0 on i
nput line 1335.
LaTeX Font Info:    Font shape `OT1/cmtt/bx/n' in size <9> not available
(Font)              Font shape `OT1/cmtt/m/n' tried instead on input line 1336.

 [19] [20] [21] [22]
LaTeX Font Info:    Font shape `OT1/cmtt/bx/n' in size <10.95> not available
(Font)              Font shape `OT1/cmtt/m/n' tried instead on input line 1542.


Overfull \hbox (75.14398pt too wide) in paragraph at lines 1561--1574
\OT1/cmtt/m/n/10.95 rel diff\OT1/cmr/m/n/10.95 , \OT1/cmtt/m/n/10.95 Per-cell m
ean rel diff\OT1/cmr/m/n/10.95 , and \OT1/cmtt/m/n/10.95 Fallback to Shoelace =
 N cells\OT1/cmr/m/n/10.95 . \OT1/cmtt/m/n/10.95 VerifyPhysicalDomainVolume3D
 []


Overfull \hbox (80.35736pt too wide) in paragraph at lines 1561--1574
\OT1/cmr/m/n/10.95 ad-di-tion-ally checks $[][] \OML/cmm/m/it/10.95 w[]$ \OT1/c
mr/m/n/10.95 against the tele-scoped discrete-mesh vol-ume \OT1/cmtt/m/n/10.95 
ComputeGlobalDiscreteShoelaceVolume3D\OT1/cmr/m/n/10.95 ,
 []


Overfull \hbox (31.06091pt too wide) in paragraph at lines 1576--1590
\OT1/cmr/m/n/10.95 weighted mass $[][] \OML/cmm/m/it/10.95 w[]^^Z[]$ \OT1/cmr/m
/n/10.95 is gath-ered by an \OT1/cmtt/m/n/10.95 MPI[]Reduce \OT1/cmr/m/n/10.95 
to root in \OT1/cmtt/m/n/10.95 ComputeVolumeWeightedRhoAverageRoot
 []


Overfull \hbox (10.74538pt too wide) in paragraph at lines 1576--1590
\OT1/cmr/m/n/10.95 ex-changes $\OMS/cmsy/m/n/10.95 f$\OT1/cmtt/m/n/10.95 xi[]y[
]h, xi[]z[]h, zeta[]y[]h, zeta[]z[]h, y[]2d[]h, z[]h, J[]2D[]h$\OMS/cmsy/m/n/10
.95 g$\OT1/cmr/m/n/10.95 ; the Jacobian-weight code
 []


Overfull \hbox (20.87187pt too wide) in paragraph at lines 1592--1601
 []\OT1/cmr/bx/n/10.95 The $\OML/cmm/m/it/10.95 f[]$ \OT1/cmr/bx/n/10.95 rest-p
opulation in-jec-tion in-vari-ant.[] \OT1/cmr/m/n/10.95 The re-duc-tion ker-nel
 \OT1/cmtt/m/n/10.95 ReduceRhoWeightedSum[]Kernel
 []

[23] [24]
Overfull \hbox (4.92184pt too wide) in paragraph at lines 1703--1720
 []\OT1/cmr/bx/n/10.95 The seam dis-crep-ancy is a ge-o-met-ric di-ag-nos-tic, 
not a de-fect.[] \OT1/cmr/m/n/10.95 It fol-lows that the \OT1/cmtt/m/n/10.95 VO
L-CHECK
 []

[25] [26]
(/home/s8313697/texlive/2025/texmf-dist/tex/latex/cjk/texinput/UTF8/UTF8.enc
File: UTF8.enc 2021/10/16 4.8.5
)
(/home/s8313697/texlive/2025/texmf-dist/tex/latex/cjk/texinput/UTF8/UTF8.chr
File: UTF8.chr 2021/10/16 4.8.5
)
Overfull \hbox (39.49054pt too wide) in paragraph at lines 1844--1844
[]  \OT1/cmtt/m/n/10 k=5  rho*u_y  (s=0, M row == e_y = {0,0,0,1,-1,0,0,1,1,-1,
-1,0,0,0,0,1,-1,1,-1})  <- streamwise[] 
 []


Overfull \hbox (49.99045pt too wide) in paragraph at lines 1844--1844
[]  \OT1/cmtt/m/n/10 Relaxation:     mrt_projection_host.h:20, variables.h:118 
(USE_MRT), :331 (FORCE_HERMITE_ORDER=2)[] 
 []

[27] [28] (./jacobian_volumetric_mass_correction.aux)
 ***********
LaTeX2e <2025-11-01>
L3 programming layer <2026-04-28>
 ***********
Package rerunfilecheck Info: File `jacobian_volumetric_mass_correction.out' has
 not changed.
(rerunfilecheck)             Checksum: 0DB3521DDBA7D739761C4834F2FE486D;10282.
 ) 
Here is how much of TeX's memory you used:
 15705 strings out of 468822
 230829 string characters out of 5451416
 1253604 words of memory out of 5000000
 43921 multiletter control sequences out of 15000+600000
 663179 words of font info for 169 fonts, out of 8000000 for 9000
 319 hyphenation exceptions out of 8191
 75i,14n,79p,1240b,2186s stack positions out of 10000i,1000n,20000p,200000b,200000s
</home/s8313697/texlive/2025/texmf-dist/fonts/type1/arphic/bsmiu/bsmiu30.pfb>
</home/s8313697/texlive/2025/texmf-dist/fonts/type1/arphic/bsmiu/bsmiu4e.pfb></
home/s8313697/texlive/2025/texmf-dist/fonts/type1/arphic/bsmiu/bsmiu4f.pfb></ho
me/s8313697/texlive/2025/texmf-dist/fonts/type1/arphic/bsmiu/bsmiu50.pfb></home
/s8313697/texlive/2025/texmf-dist/fonts/type1/arphic/bsmiu/bsmiu51.pfb></home/s
8313697/texlive/2025/texmf-dist/fonts/type1/arphic/bsmiu/bsmiu52.pfb></home/s83
13697/texlive/2025/texmf-dist/fonts/type1/arphic/bsmiu/bsmiu53.pfb></home/s8313
697/texlive/2025/texmf-dist/fonts/type1/arphic/bsmiu/bsmiu54.pfb></home/s831369
7/texlive/2025/texmf-dist/fonts/type1/arphic/bsmiu/bsmiu55.pfb></home/s8313697/
texlive/2025/texmf-dist/fonts/type1/arphic/bsmiu/bsmiu56.pfb></home/s8313697/te
xlive/2025/texmf-dist/fonts/type1/arphic/bsmiu/bsmiu57.pfb></home/s8313697/texl
ive/2025/texmf-dist/fonts/type1/arphic/bsmiu/bsmiu58.pfb></home/s8313697/texliv
e/2025/texmf-dist/fonts/type1/arphic/bsmiu/bsmiu59.pfb></home/s8313697/texlive/
2025/texmf-dist/fonts/type1/arphic/bsmiu/bsmiu5b.pfb></home/s8313697/texlive/20
25/texmf-dist/fonts/type1/arphic/bsmiu/bsmiu5c.pfb></home/s8313697/texlive/2025
/texmf-dist/fonts/type1/arphic/bsmiu/bsmiu5d.pfb></home/s8313697/texlive/2025/t
exmf-dist/fonts/type1/arphic/bsmiu/bsmiu5e.pfb></home/s8313697/texlive/2025/tex
mf-dist/fonts/type1/arphic/bsmiu/bsmiu5f.pfb></home/s8313697/texlive/2025/texmf
-dist/fonts/type1/arphic/bsmiu/bsmiu60.pfb></home/s8313697/texlive/2025/texmf-d
ist/fonts/type1/arphic/bsmiu/bsmiu61.pfb></home/s8313697/texlive/2025/texmf-dis
t/fonts/type1/arphic/bsmiu/bsmiu62.pfb></home/s8313697/texlive/2025/texmf-dist/
fonts/type1/arphic/bsmiu/bsmiu63.pfb></home/s8313697/texlive/2025/texmf-dist/fo
nts/type1/arphic/bsmiu/bsmiu64.pfb></home/s8313697/texlive/2025/texmf-dist/font
s/type1/arphic/bsmiu/bsmiu65.pfb></home/s8313697/texlive/2025/texmf-dist/fonts/
type1/arphic/bsmiu/bsmiu66.pfb></home/s8313697/texlive/2025/texmf-dist/fonts/ty
pe1/arphic/bsmiu/bsmiu67.pfb></home/s8313697/texlive/2025/texmf-dist/fonts/type
1/arphic/bsmiu/bsmiu68.pfb></home/s8313697/texlive/2025/texmf-dist/fonts/type1/
arphic/bsmiu/bsmiu69.pfb></home/s8313697/texlive/2025/texmf-dist/fonts/type1/ar
phic/bsmiu/bsmiu6a.pfb></home/s8313697/texlive/2025/texmf-dist/fonts/type1/arph
ic/bsmiu/bsmiu6b.pfb></home/s8313697/texlive/2025/texmf-dist/fonts/type1/arphic
/bsmiu/bsmiu6c.pfb></home/s8313697/texlive/2025/texmf-dist/fonts/type1/arphic/b
smiu/bsmiu6d.pfb></home/s8313697/texlive/2025/texmf-dist/fonts/type1/arphic/bsm
iu/bsmiu6e.pfb></home/s8313697/texlive/2025/texmf-dist/fonts/type1/arphic/bsmiu
/bsmiu6f.pfb></home/s8313697/texlive/2025/texmf-dist/fonts/type1/arphic/bsmiu/b
smiu70.pfb></home/s8313697/texlive/2025/texmf-dist/fonts/type1/arphic/bsmiu/bsm
iu71.pfb></home/s8313697/texlive/2025/texmf-dist/fonts/type1/arphic/bsmiu/bsmiu
72.pfb></home/s8313697/texlive/2025/texmf-dist/fonts/type1/arphic/bsmiu/bsmiu73
.pfb></home/s8313697/texlive/2025/texmf-dist/fonts/type1/arphic/bsmiu/bsmiu74.p
fb></home/s8313697/texlive/2025/texmf-dist/fonts/type1/arphic/bsmiu/bsmiu75.pfb
></home/s8313697/texlive/2025/texmf-dist/fonts/type1/arphic/bsmiu/bsmiu76.pfb><
/home/s8313697/texlive/2025/texmf-dist/fonts/type1/arphic/bsmiu/bsmiu77.pfb></h
ome/s8313697/texlive/2025/texmf-dist/fonts/type1/arphic/bsmiu/bsmiu78.pfb></hom
e/s8313697/texlive/2025/texmf-dist/fonts/type1/arphic/bsmiu/bsmiu79.pfb></home/
s8313697/texlive/2025/texmf-dist/fonts/type1/arphic/bsmiu/bsmiu7a.pfb></home/s8
313697/texlive/2025/texmf-dist/fonts/type1/arphic/bsmiu/bsmiu7b.pfb></home/s831
3697/texlive/2025/texmf-dist/fonts/type1/arphic/bsmiu/bsmiu7c.pfb></home/s83136
97/texlive/2025/texmf-dist/fonts/type1/arphic/bsmiu/bsmiu7d.pfb></home/s8313697
/texlive/2025/texmf-dist/fonts/type1/arphic/bsmiu/bsmiu7e.pfb></home/s8313697/t
exlive/2025/texmf-dist/fonts/type1/arphic/bsmiu/bsmiu80.pfb></home/s8313697/tex
live/2025/texmf-dist/fonts/type1/arphic/bsmiu/bsmiu81.pfb></home/s8313697/texli
ve/2025/texmf-dist/fonts/type1/arphic/bsmiu/bsmiu82.pfb></home/s8313697/texlive
/2025/texmf-dist/fonts/type1/arphic/bsmiu/bsmiu83.pfb></home/s8313697/texlive/2
025/texmf-dist/fonts/type1/arphic/bsmiu/bsmiu84.pfb></home/s8313697/texlive/202
5/texmf-dist/fonts/type1/arphic/bsmiu/bsmiu86.pfb></home/s8313697/texlive/2025/
texmf-dist/fonts/type1/arphic/bsmiu/bsmiu88.pfb></home/s8313697/texlive/2025/te
xmf-dist/fonts/type1/arphic/bsmiu/bsmiu89.pfb></home/s8313697/texlive/2025/texm
f-dist/fonts/type1/arphic/bsmiu/bsmiu8a.pfb></home/s8313697/texlive/2025/texmf-
dist/fonts/type1/arphic/bsmiu/bsmiu8b.pfb></home/s8313697/texlive/2025/texmf-di
st/fonts/type1/arphic/bsmiu/bsmiu8c.pfb></home/s8313697/texlive/2025/texmf-dist
/fonts/type1/arphic/bsmiu/bsmiu90.pfb></home/s8313697/texlive/2025/texmf-dist/f
onts/type1/arphic/bsmiu/bsmiu91.pfb></home/s8313697/texlive/2025/texmf-dist/fon
ts/type1/arphic/bsmiu/bsmiu93.pfb></home/s8313697/texlive/2025/texmf-dist/fonts
/type1/arphic/bsmiu/bsmiu95.pfb></home/s8313697/texlive/2025/texmf-dist/fonts/t
ype1/arphic/bsmiu/bsmiu96.pfb></home/s8313697/texlive/2025/texmf-dist/fonts/typ
e1/arphic/bsmiu/bsmiu97.pfb></home/s8313697/texlive/2025/texmf-dist/fonts/type1
/arphic/bsmiu/bsmiu98.pfb></home/s8313697/texlive/2025/texmf-dist/fonts/type1/a
rphic/bsmiu/bsmiu9a.pfb></home/s8313697/texlive/2025/texmf-dist/fonts/type1/arp
hic/bsmiu/bsmiu9e.pfb></home/s8313697/texlive/2025/texmf-dist/fonts/type1/arphi
c/bsmiu/bsmiuff.pfb></home/s8313697/texlive/2025/texmf-dist/fonts/type1/public/
amsfonts/cm/cmbx10.pfb></home/s8313697/texlive/2025/texmf-dist/fonts/type1/publ
ic/amsfonts/cm/cmbx12.pfb></home/s8313697/texlive/2025/texmf-dist/fonts/type1/p
ublic/amsfonts/cm/cmcsc10.pfb></home/s8313697/texlive/2025/texmf-dist/fonts/typ
e1/public/amsfonts/cm/cmex10.pfb></home/s8313697/texlive/2025/texmf-dist/fonts/
type1/public/amsfonts/cm/cmitt10.pfb></home/s8313697/texlive/2025/texmf-dist/fo
nts/type1/public/amsfonts/cm/cmmi10.pfb></home/s8313697/texlive/2025/texmf-dist
/fonts/type1/public/amsfonts/cm/cmmi12.pfb></home/s8313697/texlive/2025/texmf-d
ist/fonts/type1/public/amsfonts/cm/cmmi6.pfb></home/s8313697/texlive/2025/texmf
-dist/fonts/type1/public/amsfonts/cm/cmmi7.pfb></home/s8313697/texlive/2025/tex
mf-dist/fonts/type1/public/amsfonts/cm/cmmi8.pfb></home/s8313697/texlive/2025/t
exmf-dist/fonts/type1/public/amsfonts/cm/cmmi9.pfb></home/s8313697/texlive/2025
/texmf-dist/fonts/type1/public/amsfonts/cm/cmr10.pfb></home/s8313697/texlive/20
25/texmf-dist/fonts/type1/public/amsfonts/cm/cmr12.pfb></home/s8313697/texlive/
2025/texmf-dist/fonts/type1/public/amsfonts/cm/cmr17.pfb></home/s8313697/texliv
e/2025/texmf-dist/fonts/type1/public/amsfonts/cm/cmr6.pfb></home/s8313697/texli
ve/2025/texmf-dist/fonts/type1/public/amsfonts/cm/cmr7.pfb></home/s8313697/texl
ive/2025/texmf-dist/fonts/type1/public/amsfonts/cm/cmr8.pfb></home/s8313697/tex
live/2025/texmf-dist/fonts/type1/public/amsfonts/cm/cmr9.pfb></home/s8313697/te
xlive/2025/texmf-dist/fonts/type1/public/amsfonts/cm/cmsy10.pfb></home/s8313697
/texlive/2025/texmf-dist/fonts/type1/public/amsfonts/cm/cmsy6.pfb></home/s83136
97/texlive/2025/texmf-dist/fonts/type1/public/amsfonts/cm/cmsy7.pfb></home/s831
3697/texlive/2025/texmf-dist/fonts/type1/public/amsfonts/cm/cmsy8.pfb></home/s8
313697/texlive/2025/texmf-dist/fonts/type1/public/amsfonts/cm/cmsy9.pfb></home/
s8313697/texlive/2025/texmf-dist/fonts/type1/public/amsfonts/cm/cmti10.pfb></ho
me/s8313697/texlive/2025/texmf-dist/fonts/type1/public/amsfonts/cm/cmtt10.pfb><
/home/s8313697/texlive/2025/texmf-dist/fonts/type1/public/amsfonts/cm/cmtt9.pfb
></home/s8313697/texlive/2025/texmf-dist/fonts/type1/public/amsfonts/symbols/ms
bm10.pfb></home/s8313697/texlive/2025/texmf-dist/fonts/type1/public/cm-super/sf
rm1095.pfb>
Output written on jacobian_volumetric_mass_correction.pdf (28 pages, 882020 byt
es).
PDF statistics:
 1358 PDF objects out of 1440 (max. 8388607)
 1050 compressed objects within 11 object streams
 315 named destinations out of 1000 (max. 500000)
 609 words of extra memory for PDF output out of 10000 (max. 10000000)

